#
# There is insufficient memory for the Java Runtime Environment to continue.
# Native memory allocation (malloc) failed to allocate 1911856 bytes for Chunk::new
# Possible reasons:
#   The system is out of physical RAM or swap space
#   The process is running with CompressedOops enabled, and the Java Heap may be blocking the growth of the native heap
# Possible solutions:
#   Reduce memory load on the system
#   Increase physical memory or swap space
#   Check if swap backing store is full
#   Decrease Java heap size (-Xmx/-Xms)
#   Decrease number of Java threads
#   Decrease Java thread stack sizes (-Xss)
#   Set larger code cache with -XX:ReservedCodeCacheSize=
#   JVM is running with Unscaled Compressed Oops mode in which the Java heap is
#     placed in the first 4GB address space. The Java Heap base address is the
#     maximum limit for the native heap growth. Please use -XX:HeapBaseMinAddress
#     to set the Java Heap base and to place the Java Heap above 4GB virtual address.
# This output file may be truncated or incomplete.
#
#  Out of Memory Error (./src/hotspot/share/memory/arena.cpp:197), pid=31620, tid=32148
#
# JRE version: OpenJDK Runtime Environment OpenLogic-OpenJDK (11.0.15+10) (build 11.0.15+10-adhoc..jdk11u)
# Java VM: OpenJDK 64-Bit Server VM OpenLogic-OpenJDK (11.0.15+10-adhoc..jdk11u, mixed mode, tiered, compressed oops, g1 gc, windows-amd64)
# No core dump will be written. Minidumps are not enabled by default on client versions of Windows
#

---------------  S U M M A R Y ------------

Command Line: -XX:MaxMetaspaceSize=512m --add-opens=java.base/java.util=ALL-UNNAMED --add-opens=java.base/java.lang=ALL-UNNAMED --add-opens=java.base/java.lang.invoke=ALL-UNNAMED --add-opens=java.base/java.util=ALL-UNNAMED --add-opens=java.prefs/java.util.prefs=ALL-UNNAMED --add-opens=java.prefs/java.util.prefs=ALL-UNNAMED --add-opens=java.base/java.nio.charset=ALL-UNNAMED --add-opens=java.base/java.net=ALL-UNNAMED --add-opens=java.base/java.util.concurrent.atomic=ALL-UNNAMED -Xmx2048m -Dfile.encoding=windows-1252 -Duser.country=GB -Duser.language=en -Duser.variant org.gradle.launcher.daemon.bootstrap.GradleDaemon 7.3.3

Host: 11th Gen Intel(R) Core(TM) i7-1165G7 @ 2.80GHz, 8 cores, 15G,  Windows 11 , 64 bit Build 22000 (10.0.22000.675)
Time: Fri Jun  3 15:14:08 2022 India Standard Time elapsed time: 25.308191 seconds (0d 0h 0m 25s)

---------------  T H R E A D  ---------------

Current thread (0x00000183faad2800):  JavaThread "C2 CompilerThread0" daemon [_thread_in_native, id=32148, stack(0x0000006b6d800000,0x0000006b6d900000)]


Current CompileTask:
C2:  25308 4942       4       org.objectweb.asm.Frame::execute (2318 bytes)

Stack: [0x0000006b6d800000,0x0000006b6d900000]
Native frames: (J=compiled Java code, j=interpreted, Vv=VM code, C=native code)
V  [jvm.dll+0x619bca]
V  [jvm.dll+0x756669]
V  [jvm.dll+0x757d58]
V  [jvm.dll+0x758433]
V  [jvm.dll+0x24da18]
V  [jvm.dll+0xc148c]
V  [jvm.dll+0xc1a4c]
V  [jvm.dll+0x356de2]
V  [jvm.dll+0x3231e3]
V  [jvm.dll+0x32251a]
V  [jvm.dll+0x206da5]
V  [jvm.dll+0x205f8d]
V  [jvm.dll+0x187e81]
V  [jvm.dll+0x2157e4]
V  [jvm.dll+0x213a2b]
V  [jvm.dll+0x719300]
V  [jvm.dll+0x712264]
V  [jvm.dll+0x618a26]
C  [ucrtbase.dll+0x26c0c]
C  [KERNEL32.DLL+0x154e0]
C  [ntdll.dll+0x485b]


---------------  P R O C E S S  ---------------

Threads class SMR info:
_java_thread_list=0x0000018390437500, length=77, elements={
0x00000183e8cd7000, 0x00000183faa67800, 0x00000183faa68800, 0x00000183faacd800,
0x00000183faace800, 0x00000183faacf800, 0x00000183faad2800, 0x00000183faad5000,
0x00000183fab10800, 0x00000183fac61800, 0x00000183fde92000, 0x00000183fae08000,
0x00000183fd1f0000, 0x00000183fb9cb000, 0x00000183fcbd1000, 0x00000183fc6d7000,
0x00000183fcb7e800, 0x00000183fba28000, 0x00000183fc9ef800, 0x00000183fdf55800,
0x00000183fc2e9000, 0x00000183fc2ee000, 0x00000183fc2ea000, 0x00000183fc2ec800,
0x00000183fc2ea800, 0x00000183fc2ed000, 0x00000183fc2e8800, 0x00000183fc2eb800,
0x00000183fc2ef000, 0x00000183fd53d000, 0x00000183fd541800, 0x00000183fd543000,
0x00000183fd53e000, 0x00000183fd542000, 0x00000183fd540800, 0x00000183fd543800,
0x00000183fd544800, 0x00000183fd53f000, 0x00000183fd548000, 0x00000183fd546000,
0x00000183fd548800, 0x00000183fd549800, 0x00000183fd54a800, 0x00000183fd54b000,
0x00000183fd547000, 0x00000183fd545800, 0x00000183fd54c000, 0x00000183fd176000,
0x00000183fd17c800, 0x00000183fd177000, 0x00000183fd179800, 0x00000183fd17a000,
0x00000183fd17d800, 0x00000183fd17b000, 0x00000183fd177800, 0x00000183fd17b800,
0x00000183fd17e000, 0x00000183fd178800, 0x00000183fd180000, 0x00000183fd17f000,
0x00000183fd183000, 0x00000183fd180800, 0x00000183fd184000, 0x00000183fd184800,
0x00000183fd181800, 0x00000183fd182800, 0x00000183fd00e000, 0x00000183fd008800,
0x00000183fd00d800, 0x00000183fd00f000, 0x00000183fd009800, 0x00000183fd00b000,
0x00000183fd010000, 0x00000183fd00c800, 0x00000183fd00a000, 0x00000183fd010800,
0x00000183fd011800
}

Java Threads: ( => current thread )
  0x00000183e8cd7000 JavaThread "main" [_thread_blocked, id=16464, stack(0x0000006b6cc00000,0x0000006b6cd00000)]
  0x00000183faa67800 JavaThread "Reference Handler" daemon [_thread_blocked, id=28676, stack(0x0000006b6d300000,0x0000006b6d400000)]
  0x00000183faa68800 JavaThread "Finalizer" daemon [_thread_blocked, id=17212, stack(0x0000006b6d400000,0x0000006b6d500000)]
  0x00000183faacd800 JavaThread "Signal Dispatcher" daemon [_thread_blocked, id=16760, stack(0x0000006b6d500000,0x0000006b6d600000)]
  0x00000183faace800 JavaThread "Attach Listener" daemon [_thread_blocked, id=18108, stack(0x0000006b6d600000,0x0000006b6d700000)]
  0x00000183faacf800 JavaThread "Service Thread" daemon [_thread_blocked, id=5496, stack(0x0000006b6d700000,0x0000006b6d800000)]
=>0x00000183faad2800 JavaThread "C2 CompilerThread0" daemon [_thread_in_native, id=32148, stack(0x0000006b6d800000,0x0000006b6d900000)]
  0x00000183faad5000 JavaThread "C1 CompilerThread0" daemon [_thread_blocked, id=26084, stack(0x0000006b6d900000,0x0000006b6da00000)]
  0x00000183fab10800 JavaThread "Sweeper thread" daemon [_thread_blocked, id=20368, stack(0x0000006b6da00000,0x0000006b6db00000)]
  0x00000183fac61800 JavaThread "Common-Cleaner" daemon [_thread_blocked, id=26192, stack(0x0000006b6db00000,0x0000006b6dc00000)]
  0x00000183fde92000 JavaThread "Daemon health stats" [_thread_blocked, id=16952, stack(0x0000006b6e200000,0x0000006b6e300000)]
  0x00000183fae08000 JavaThread "Incoming local TCP Connector on port 60928" [_thread_in_native, id=32744, stack(0x0000006b6dd00000,0x0000006b6de00000)]
  0x00000183fd1f0000 JavaThread "Daemon periodic checks" [_thread_blocked, id=31140, stack(0x0000006b6e300000,0x0000006b6e400000)]
  0x00000183fb9cb000 JavaThread "Daemon" [_thread_blocked, id=21880, stack(0x0000006b6e400000,0x0000006b6e500000)]
  0x00000183fcbd1000 JavaThread "Handler for socket connection from /127.0.0.1:60928 to /127.0.0.1:60929" [_thread_in_native, id=19204, stack(0x0000006b6e500000,0x0000006b6e600000)]
  0x00000183fc6d7000 JavaThread "Cancel handler" [_thread_blocked, id=12552, stack(0x0000006b6e600000,0x0000006b6e700000)]
  0x00000183fcb7e800 JavaThread "Daemon worker" [_thread_in_vm, id=20792, stack(0x0000006b6e700000,0x0000006b6e800000)]
  0x00000183fba28000 JavaThread "Asynchronous log dispatcher for DefaultDaemonConnection: socket connection from /127.0.0.1:60928 to /127.0.0.1:60929" [_thread_blocked, id=22780, stack(0x0000006b6e800000,0x0000006b6e900000)]
  0x00000183fc9ef800 JavaThread "Stdin handler" [_thread_blocked, id=30584, stack(0x0000006b6e900000,0x0000006b6ea00000)]
  0x00000183fdf55800 JavaThread "Daemon client event forwarder" [_thread_blocked, id=25748, stack(0x0000006b6ea00000,0x0000006b6eb00000)]
  0x00000183fc2e9000 JavaThread "Cache worker for journal cache (C:\Users\Thulasi\.gradle\caches\journal-1)" [_thread_blocked, id=29336, stack(0x0000006b6eb00000,0x0000006b6ec00000)]
  0x00000183fc2ee000 JavaThread "File lock request listener" [_thread_in_native, id=8784, stack(0x0000006b6ec00000,0x0000006b6ed00000)]
  0x00000183fc2ea000 JavaThread "Cache worker for file hash cache (C:\Users\Thulasi\.gradle\caches\7.3.3\fileHashes)" [_thread_blocked, id=19460, stack(0x0000006b6ed00000,0x0000006b6ee00000)]
  0x00000183fc2ec800 JavaThread "Cache worker for file hash cache (C:\Users\Thulasi\TextInput\Assesment1\android\.gradle\7.3.3\fileHashes)" [_thread_blocked, id=12212, stack(0x0000006b6f400000,0x0000006b6f500000)]
  0x00000183fc2ea800 JavaThread "File watcher server" daemon [_thread_in_native, id=15924, stack(0x0000006b6f500000,0x0000006b6f600000)]
  0x00000183fc2ed000 JavaThread "File watcher consumer" daemon [_thread_blocked, id=5988, stack(0x0000006b6f600000,0x0000006b6f700000)]
  0x00000183fc2e8800 JavaThread "Cache worker for checksums cache (C:\Users\Thulasi\TextInput\Assesment1\android\.gradle\7.3.3\checksums)" [_thread_blocked, id=26684, stack(0x0000006b6f300000,0x0000006b6f400000)]
  0x00000183fc2eb800 JavaThread "Cache worker for cache directory md-supplier (C:\Users\Thulasi\.gradle\caches\7.3.3\md-supplier)" [_thread_blocked, id=6932, stack(0x0000006b6f700000,0x0000006b6f800000)]
  0x00000183fc2ef000 JavaThread "Cache worker for cache directory md-rule (C:\Users\Thulasi\.gradle\caches\7.3.3\md-rule)" [_thread_blocked, id=25736, stack(0x0000006b6f900000,0x0000006b6fa00000)]
  0x00000183fd53d000 JavaThread "Cache worker for execution history cache (C:\Users\Thulasi\.gradle\caches\7.3.3\executionHistory)" [_thread_blocked, id=11576, stack(0x0000006b6fa00000,0x0000006b6fb00000)]
  0x00000183fd541800 JavaThread "jar transforms" [_thread_blocked, id=26184, stack(0x0000006b6fc00000,0x0000006b6fd00000)]
  0x00000183fd543000 JavaThread "jar transforms Thread 2" [_thread_blocked, id=24172, stack(0x0000006b6fd00000,0x0000006b6fe00000)]
  0x00000183fd53e000 JavaThread "Cache worker for file content cache (C:\Users\Thulasi\.gradle\caches\7.3.3\fileContent)" [_thread_blocked, id=1872, stack(0x0000006b6fe00000,0x0000006b6ff00000)]
  0x00000183fd542000 JavaThread "jar transforms Thread 3" [_thread_blocked, id=26688, stack(0x0000006b6ff00000,0x0000006b70000000)]
  0x00000183fd540800 JavaThread "jar transforms Thread 4" [_thread_blocked, id=26148, stack(0x0000006b70000000,0x0000006b70100000)]
  0x00000183fd543800 JavaThread "Cache worker for kotlin-dsl (C:\Users\Thulasi\.gradle\caches\7.3.3\kotlin-dsl)" [_thread_blocked, id=13500, stack(0x0000006b6fb00000,0x0000006b6fc00000)]
  0x00000183fd544800 JavaThread "jar transforms Thread 5" [_thread_blocked, id=3080, stack(0x0000006b70100000,0x0000006b70200000)]
  0x00000183fd53f000 JavaThread "jar transforms Thread 6" [_thread_blocked, id=17660, stack(0x0000006b6f800000,0x0000006b6f900000)]
  0x00000183fd548000 JavaThread "Cache worker for dependencies-accessors (C:\Users\Thulasi\TextInput\Assesment1\android\.gradle\7.3.3\dependencies-accessors)" [_thread_blocked, id=10828, stack(0x0000006b70200000,0x0000006b70300000)]
  0x00000183fd546000 JavaThread "Cache worker for Build Output Cleanup Cache (C:\Users\Thulasi\TextInput\Assesment1\node_modules\react-native-gradle-plugin\.gradle\buildOutputCleanup)" [_thread_blocked, id=24028, stack(0x0000006b70400000,0x0000006b70500000)]
  0x00000183fd548800 JavaThread "jar transforms Thread 7" [_thread_blocked, id=26056, stack(0x0000006b70500000,0x0000006b70600000)]
  0x00000183fd549800 JavaThread "Unconstrained build operations" [_thread_blocked, id=31864, stack(0x0000006b70300000,0x0000006b70400000)]
  0x00000183fd54a800 JavaThread "Unconstrained build operations Thread 2" [_thread_blocked, id=9076, stack(0x0000006b70600000,0x0000006b70700000)]
  0x00000183fd54b000 JavaThread "Unconstrained build operations Thread 3" [_thread_blocked, id=30932, stack(0x0000006b70700000,0x0000006b70800000)]
  0x00000183fd547000 JavaThread "Unconstrained build operations Thread 4" [_thread_blocked, id=4000, stack(0x0000006b70800000,0x0000006b70900000)]
  0x00000183fd545800 JavaThread "Unconstrained build operations Thread 5" [_thread_blocked, id=8336, stack(0x0000006b70900000,0x0000006b70a00000)]
  0x00000183fd54c000 JavaThread "Unconstrained build operations Thread 6" [_thread_blocked, id=10272, stack(0x0000006b70a00000,0x0000006b70b00000)]
  0x00000183fd176000 JavaThread "Unconstrained build operations Thread 7" [_thread_blocked, id=22520, stack(0x0000006b70b00000,0x0000006b70c00000)]
  0x00000183fd17c800 JavaThread "Unconstrained build operations Thread 8" [_thread_blocked, id=18104, stack(0x0000006b70c00000,0x0000006b70d00000)]
  0x00000183fd177000 JavaThread "Unconstrained build operations Thread 9" [_thread_blocked, id=32644, stack(0x0000006b70d00000,0x0000006b70e00000)]
  0x00000183fd179800 JavaThread "Unconstrained build operations Thread 10" [_thread_blocked, id=15272, stack(0x0000006b70e00000,0x0000006b70f00000)]
  0x00000183fd17a000 JavaThread "Unconstrained build operations Thread 11" [_thread_blocked, id=12340, stack(0x0000006b70f00000,0x0000006b71000000)]
  0x00000183fd17d800 JavaThread "Unconstrained build operations Thread 12" [_thread_blocked, id=25848, stack(0x0000006b71000000,0x0000006b71100000)]
  0x00000183fd17b000 JavaThread "Unconstrained build operations Thread 13" [_thread_blocked, id=31884, stack(0x0000006b71100000,0x0000006b71200000)]
  0x00000183fd177800 JavaThread "Unconstrained build operations Thread 14" [_thread_blocked, id=10152, stack(0x0000006b71200000,0x0000006b71300000)]
  0x00000183fd17b800 JavaThread "Unconstrained build operations Thread 15" [_thread_blocked, id=9820, stack(0x0000006b71300000,0x0000006b71400000)]
  0x00000183fd17e000 JavaThread "Unconstrained build operations Thread 16" [_thread_blocked, id=19292, stack(0x0000006b71400000,0x0000006b71500000)]
  0x00000183fd178800 JavaThread "Unconstrained build operations Thread 17" [_thread_blocked, id=32596, stack(0x0000006b71500000,0x0000006b71600000)]
  0x00000183fd180000 JavaThread "Unconstrained build operations Thread 18" [_thread_blocked, id=11904, stack(0x0000006b71600000,0x0000006b71700000)]
  0x00000183fd17f000 JavaThread "Unconstrained build operations Thread 19" [_thread_blocked, id=30980, stack(0x0000006b71700000,0x0000006b71800000)]
  0x00000183fd183000 JavaThread "Unconstrained build operations Thread 20" [_thread_blocked, id=30796, stack(0x0000006b71800000,0x0000006b71900000)]
  0x00000183fd180800 JavaThread "Unconstrained build operations Thread 21" [_thread_blocked, id=28320, stack(0x0000006b71900000,0x0000006b71a00000)]
  0x00000183fd184000 JavaThread "Unconstrained build operations Thread 22" [_thread_blocked, id=20516, stack(0x0000006b71a00000,0x0000006b71b00000)]
  0x00000183fd184800 JavaThread "Unconstrained build operations Thread 23" [_thread_blocked, id=4300, stack(0x0000006b71b00000,0x0000006b71c00000)]
  0x00000183fd181800 JavaThread "Unconstrained build operations Thread 24" [_thread_blocked, id=3848, stack(0x0000006b71c00000,0x0000006b71d00000)]
  0x00000183fd182800 JavaThread "Unconstrained build operations Thread 25" [_thread_blocked, id=29080, stack(0x0000006b71d00000,0x0000006b71e00000)]
  0x00000183fd00e000 JavaThread "Unconstrained build operations Thread 26" [_thread_blocked, id=29676, stack(0x0000006b71e00000,0x0000006b71f00000)]
  0x00000183fd008800 JavaThread "Unconstrained build operations Thread 27" [_thread_blocked, id=32288, stack(0x0000006b71f00000,0x0000006b72000000)]
  0x00000183fd00d800 JavaThread "Unconstrained build operations Thread 28" [_thread_blocked, id=19244, stack(0x0000006b72000000,0x0000006b72100000)]
  0x00000183fd00f000 JavaThread "Unconstrained build operations Thread 29" [_thread_blocked, id=13700, stack(0x0000006b72100000,0x0000006b72200000)]
  0x00000183fd009800 JavaThread "Unconstrained build operations Thread 30" [_thread_blocked, id=21248, stack(0x0000006b72200000,0x0000006b72300000)]
  0x00000183fd00b000 JavaThread "Unconstrained build operations Thread 31" [_thread_blocked, id=9884, stack(0x0000006b72300000,0x0000006b72400000)]
  0x00000183fd010000 JavaThread "Unconstrained build operations Thread 32" [_thread_blocked, id=5896, stack(0x0000006b72400000,0x0000006b72500000)]
  0x00000183fd00c800 JavaThread "Unconstrained build operations Thread 33" [_thread_blocked, id=32128, stack(0x0000006b72500000,0x0000006b72600000)]
  0x00000183fd00a000 JavaThread "jar transforms Thread 8" [_thread_blocked, id=13612, stack(0x0000006b72600000,0x0000006b72700000)]
  0x00000183fd010800 JavaThread "build event listener" [_thread_blocked, id=26164, stack(0x0000006b72700000,0x0000006b72800000)]
  0x00000183fd011800 JavaThread "Memory manager" [_thread_blocked, id=27968, stack(0x0000006b72800000,0x0000006b72900000)]

Other Threads:
  0x00000183faa64000 VMThread "VM Thread" [stack: 0x0000006b6d200000,0x0000006b6d300000] [id=10228]
  0x00000183fac63000 WatcherThread [stack: 0x0000006b6dc00000,0x0000006b6dd00000] [id=25512]
  0x00000183e8cf1800 GCTaskThread "GC Thread#0" [stack: 0x0000006b6cd00000,0x0000006b6ce00000] [id=8296]
  0x00000183fc23f000 GCTaskThread "GC Thread#1" [stack: 0x0000006b6de00000,0x0000006b6df00000] [id=28056]
  0x00000183fc042000 GCTaskThread "GC Thread#2" [stack: 0x0000006b6df00000,0x0000006b6e000000] [id=9536]
  0x00000183fbd71800 GCTaskThread "GC Thread#3" [stack: 0x0000006b6e000000,0x0000006b6e100000] [id=6440]
  0x00000183fafd3800 GCTaskThread "GC Thread#4" [stack: 0x0000006b6e100000,0x0000006b6e200000] [id=27628]
  0x00000183fb0c5800 GCTaskThread "GC Thread#5" [stack: 0x0000006b6ee00000,0x0000006b6ef00000] [id=30148]
  0x00000183fc2d6000 GCTaskThread "GC Thread#6" [stack: 0x0000006b6ef00000,0x0000006b6f000000] [id=1636]
  0x00000183fbb5b800 GCTaskThread "GC Thread#7" [stack: 0x0000006b6f000000,0x0000006b6f100000] [id=30928]
  0x00000183e8d26000 ConcurrentGCThread "G1 Main Marker" [stack: 0x0000006b6ce00000,0x0000006b6cf00000] [id=23028]
  0x00000183e8d27000 ConcurrentGCThread "G1 Conc#0" [stack: 0x0000006b6cf00000,0x0000006b6d000000] [id=14496]
  0x00000183fb32d000 ConcurrentGCThread "G1 Conc#1" [stack: 0x0000006b6f200000,0x0000006b6f300000] [id=560]
  0x00000183fa0d1800 ConcurrentGCThread "G1 Refine#0" [stack: 0x0000006b6d000000,0x0000006b6d100000] [id=28600]
  0x00000183fba27000 ConcurrentGCThread "G1 Refine#1" [stack: 0x0000006b6f100000,0x0000006b6f200000] [id=23256]
  0x00000183fa0d3000 ConcurrentGCThread "G1 Young RemSet Sampling" [stack: 0x0000006b6d100000,0x0000006b6d200000] [id=28076]

Threads with active compile tasks:
C2 CompilerThread0    25358 4942       4       org.objectweb.asm.Frame::execute (2318 bytes)

VM state:synchronizing (normal execution)

VM Mutex/Monitor currently owned by a thread:  ([mutex/lock_event])
[0x00000183e8cd30d0] Threads_lock - owner thread: 0x00000183faa64000
[0x00000183e8cd4d00] Compile_lock - owner thread: 0x00000183fcb7e800

Heap address: 0x0000000080000000, size: 2048 MB, Compressed Oops mode: 32-bit
Narrow klass base: 0x0000000000000000, Narrow klass shift: 3
Compressed class space size: 528482304 Address: 0x0000000100000000

Heap:
 garbage-first heap   total 253952K, used 157711K [0x0000000080000000, 0x0000000100000000)
  region size 1024K, 135 young (138240K), 13 survivors (13312K)
 Metaspace       used 54329K, capacity 55890K, committed 56144K, reserved 565248K
  class space    used 6976K, capacity 7594K, committed 7680K, reserved 516096K
Heap Regions: E=young(eden), S=young(survivor), O=old, HS=humongous(starts), HC=humongous(continues), CS=collection set, F=free, A=archive, TAMS=top-at-mark-start (previous, next)
|   0|0x0000000080000000, 0x0000000080100000, 0x0000000080100000|100%| O|  |TAMS 0x0000000080100000, 0x0000000080000000| Untracked 
|   1|0x0000000080100000, 0x0000000080200000, 0x0000000080200000|100%| O|  |TAMS 0x0000000080200000, 0x0000000080100000| Untracked 
|   2|0x0000000080200000, 0x0000000080300000, 0x0000000080300000|100%| O|  |TAMS 0x0000000080300000, 0x0000000080200000| Untracked 
|   3|0x0000000080300000, 0x0000000080400000, 0x0000000080400000|100%|HS|  |TAMS 0x0000000080400000, 0x0000000080300000| Complete 
|   4|0x0000000080400000, 0x0000000080500000, 0x0000000080500000|100%|HC|  |TAMS 0x0000000080500000, 0x0000000080400000| Complete 
|   5|0x0000000080500000, 0x0000000080600000, 0x0000000080600000|100%|HC|  |TAMS 0x0000000080600000, 0x0000000080500000| Complete 
|   6|0x0000000080600000, 0x0000000080700000, 0x0000000080700000|100%| O|  |TAMS 0x0000000080700000, 0x0000000080600000| Untracked 
|   7|0x0000000080700000, 0x0000000080800000, 0x0000000080800000|100%| O|  |TAMS 0x0000000080800000, 0x0000000080700000| Untracked 
|   8|0x0000000080800000, 0x0000000080900000, 0x0000000080900000|100%| O|  |TAMS 0x0000000080900000, 0x0000000080800000| Untracked 
|   9|0x0000000080900000, 0x0000000080a00000, 0x0000000080a00000|100%| O|  |TAMS 0x0000000080a00000, 0x0000000080900000| Untracked 
|  10|0x0000000080a00000, 0x0000000080b00000, 0x0000000080b00000|100%| O|  |TAMS 0x0000000080b00000, 0x0000000080a00000| Untracked 
|  11|0x0000000080b00000, 0x0000000080c00000, 0x0000000080c00000|100%| O|  |TAMS 0x0000000080c00000, 0x0000000080b00000| Untracked 
|  12|0x0000000080c00000, 0x0000000080d00000, 0x0000000080d00000|100%| O|  |TAMS 0x0000000080d00000, 0x0000000080c00000| Untracked 
|  13|0x0000000080d00000, 0x0000000080e00000, 0x0000000080e00000|100%| O|  |TAMS 0x0000000080e00000, 0x0000000080d00000| Untracked 
|  14|0x0000000080e00000, 0x0000000080f00000, 0x0000000080f00000|100%| O|  |TAMS 0x0000000080f00000, 0x0000000080e00000| Untracked 
|  15|0x0000000080f00000, 0x0000000081000000, 0x0000000081000000|100%| O|  |TAMS 0x0000000081000000, 0x0000000080f00000| Untracked 
|  16|0x0000000081000000, 0x0000000081054000, 0x0000000081100000| 32%| O|  |TAMS 0x0000000081054000, 0x0000000081000000| Untracked 
|  17|0x0000000081100000, 0x0000000081200000, 0x0000000081200000|100%|HS|  |TAMS 0x0000000081100000, 0x0000000081100000| Complete 
|  18|0x0000000081200000, 0x0000000081300000, 0x0000000081300000|100%|HS|  |TAMS 0x0000000081200000, 0x0000000081200000| Complete 
|  19|0x0000000081300000, 0x0000000081400000, 0x0000000081400000|100%|HC|  |TAMS 0x0000000081300000, 0x0000000081300000| Complete 
|  20|0x0000000081400000, 0x0000000081500000, 0x0000000081500000|100%|HC|  |TAMS 0x0000000081400000, 0x0000000081400000| Complete 
|  21|0x0000000081500000, 0x0000000081500000, 0x0000000081600000|  0%| F|  |TAMS 0x0000000081500000, 0x0000000081500000| Untracked 
|  22|0x0000000081600000, 0x0000000081600000, 0x0000000081700000|  0%| F|  |TAMS 0x0000000081600000, 0x0000000081600000| Untracked 
|  23|0x0000000081700000, 0x0000000081700000, 0x0000000081800000|  0%| F|  |TAMS 0x0000000081700000, 0x0000000081700000| Untracked 
|  24|0x0000000081800000, 0x0000000081800000, 0x0000000081900000|  0%| F|  |TAMS 0x0000000081800000, 0x0000000081800000| Untracked 
|  25|0x0000000081900000, 0x0000000081900000, 0x0000000081a00000|  0%| F|  |TAMS 0x0000000081900000, 0x0000000081900000| Untracked 
|  26|0x0000000081a00000, 0x0000000081a00000, 0x0000000081b00000|  0%| F|  |TAMS 0x0000000081a00000, 0x0000000081a00000| Untracked 
|  27|0x0000000081b00000, 0x0000000081b00000, 0x0000000081c00000|  0%| F|  |TAMS 0x0000000081b00000, 0x0000000081b00000| Untracked 
|  28|0x0000000081c00000, 0x0000000081c00000, 0x0000000081d00000|  0%| F|  |TAMS 0x0000000081c00000, 0x0000000081c00000| Untracked 
|  29|0x0000000081d00000, 0x0000000081d00000, 0x0000000081e00000|  0%| F|  |TAMS 0x0000000081d00000, 0x0000000081d00000| Untracked 
|  30|0x0000000081e00000, 0x0000000081e00000, 0x0000000081f00000|  0%| F|  |TAMS 0x0000000081e00000, 0x0000000081e00000| Untracked 
|  31|0x0000000081f00000, 0x0000000081f00000, 0x0000000082000000|  0%| F|  |TAMS 0x0000000081f00000, 0x0000000081f00000| Untracked 
|  32|0x0000000082000000, 0x0000000082000000, 0x0000000082100000|  0%| F|  |TAMS 0x0000000082000000, 0x0000000082000000| Untracked 
|  33|0x0000000082100000, 0x0000000082100000, 0x0000000082200000|  0%| F|  |TAMS 0x0000000082100000, 0x0000000082100000| Untracked 
|  34|0x0000000082200000, 0x0000000082200000, 0x0000000082300000|  0%| F|  |TAMS 0x0000000082200000, 0x0000000082200000| Untracked 
|  35|0x0000000082300000, 0x0000000082300000, 0x0000000082400000|  0%| F|  |TAMS 0x0000000082300000, 0x0000000082300000| Untracked 
|  36|0x0000000082400000, 0x0000000082400000, 0x0000000082500000|  0%| F|  |TAMS 0x0000000082400000, 0x0000000082400000| Untracked 
|  37|0x0000000082500000, 0x0000000082500000, 0x0000000082600000|  0%| F|  |TAMS 0x0000000082500000, 0x0000000082500000| Untracked 
|  38|0x0000000082600000, 0x0000000082600000, 0x0000000082700000|  0%| F|  |TAMS 0x0000000082600000, 0x0000000082600000| Untracked 
|  39|0x0000000082700000, 0x0000000082700000, 0x0000000082800000|  0%| F|  |TAMS 0x0000000082700000, 0x0000000082700000| Untracked 
|  40|0x0000000082800000, 0x0000000082800000, 0x0000000082900000|  0%| F|  |TAMS 0x0000000082800000, 0x0000000082800000| Untracked 
|  41|0x0000000082900000, 0x0000000082900000, 0x0000000082a00000|  0%| F|  |TAMS 0x0000000082900000, 0x0000000082900000| Untracked 
|  42|0x0000000082a00000, 0x0000000082a00000, 0x0000000082b00000|  0%| F|  |TAMS 0x0000000082a00000, 0x0000000082a00000| Untracked 
|  43|0x0000000082b00000, 0x0000000082b00000, 0x0000000082c00000|  0%| F|  |TAMS 0x0000000082b00000, 0x0000000082b00000| Untracked 
|  44|0x0000000082c00000, 0x0000000082c00000, 0x0000000082d00000|  0%| F|  |TAMS 0x0000000082c00000, 0x0000000082c00000| Untracked 
|  45|0x0000000082d00000, 0x0000000082d00000, 0x0000000082e00000|  0%| F|  |TAMS 0x0000000082d00000, 0x0000000082d00000| Untracked 
|  46|0x0000000082e00000, 0x0000000082e00000, 0x0000000082f00000|  0%| F|  |TAMS 0x0000000082e00000, 0x0000000082e00000| Untracked 
|  47|0x0000000082f00000, 0x0000000082f00000, 0x0000000083000000|  0%| F|  |TAMS 0x0000000082f00000, 0x0000000082f00000| Untracked 
|  48|0x0000000083000000, 0x0000000083000000, 0x0000000083100000|  0%| F|  |TAMS 0x0000000083000000, 0x0000000083000000| Untracked 
|  49|0x0000000083100000, 0x0000000083100000, 0x0000000083200000|  0%| F|  |TAMS 0x0000000083100000, 0x0000000083100000| Untracked 
|  50|0x0000000083200000, 0x0000000083200000, 0x0000000083300000|  0%| F|  |TAMS 0x0000000083200000, 0x0000000083200000| Untracked 
|  51|0x0000000083300000, 0x0000000083300000, 0x0000000083400000|  0%| F|  |TAMS 0x0000000083300000, 0x0000000083300000| Untracked 
|  52|0x0000000083400000, 0x0000000083400000, 0x0000000083500000|  0%| F|  |TAMS 0x0000000083400000, 0x0000000083400000| Untracked 
|  53|0x0000000083500000, 0x0000000083500000, 0x0000000083600000|  0%| F|  |TAMS 0x0000000083500000, 0x0000000083500000| Untracked 
|  54|0x0000000083600000, 0x0000000083600000, 0x0000000083700000|  0%| F|  |TAMS 0x0000000083600000, 0x0000000083600000| Untracked 
|  55|0x0000000083700000, 0x0000000083700000, 0x0000000083800000|  0%| F|  |TAMS 0x0000000083700000, 0x0000000083700000| Untracked 
|  56|0x0000000083800000, 0x0000000083800000, 0x0000000083900000|  0%| F|  |TAMS 0x0000000083800000, 0x0000000083800000| Untracked 
|  57|0x0000000083900000, 0x0000000083900000, 0x0000000083a00000|  0%| F|  |TAMS 0x0000000083900000, 0x0000000083900000| Untracked 
|  58|0x0000000083a00000, 0x0000000083a00000, 0x0000000083b00000|  0%| F|  |TAMS 0x0000000083a00000, 0x0000000083a00000| Untracked 
|  59|0x0000000083b00000, 0x0000000083b00000, 0x0000000083c00000|  0%| F|  |TAMS 0x0000000083b00000, 0x0000000083b00000| Untracked 
|  60|0x0000000083c00000, 0x0000000083c00000, 0x0000000083d00000|  0%| F|  |TAMS 0x0000000083c00000, 0x0000000083c00000| Untracked 
|  61|0x0000000083d00000, 0x0000000083d00000, 0x0000000083e00000|  0%| F|  |TAMS 0x0000000083d00000, 0x0000000083d00000| Untracked 
|  62|0x0000000083e00000, 0x0000000083e00000, 0x0000000083f00000|  0%| F|  |TAMS 0x0000000083e00000, 0x0000000083e00000| Untracked 
|  63|0x0000000083f00000, 0x0000000083f00000, 0x0000000084000000|  0%| F|  |TAMS 0x0000000083f00000, 0x0000000083f00000| Untracked 
|  64|0x0000000084000000, 0x0000000084000000, 0x0000000084100000|  0%| F|  |TAMS 0x0000000084000000, 0x0000000084000000| Untracked 
|  65|0x0000000084100000, 0x0000000084100000, 0x0000000084200000|  0%| F|  |TAMS 0x0000000084100000, 0x0000000084100000| Untracked 
|  66|0x0000000084200000, 0x0000000084200000, 0x0000000084300000|  0%| F|  |TAMS 0x0000000084200000, 0x0000000084200000| Untracked 
|  67|0x0000000084300000, 0x0000000084300000, 0x0000000084400000|  0%| F|  |TAMS 0x0000000084300000, 0x0000000084300000| Untracked 
|  68|0x0000000084400000, 0x0000000084400000, 0x0000000084500000|  0%| F|  |TAMS 0x0000000084400000, 0x0000000084400000| Untracked 
|  69|0x0000000084500000, 0x0000000084500000, 0x0000000084600000|  0%| F|  |TAMS 0x0000000084500000, 0x0000000084500000| Untracked 
|  70|0x0000000084600000, 0x0000000084600000, 0x0000000084700000|  0%| F|  |TAMS 0x0000000084600000, 0x0000000084600000| Untracked 
|  71|0x0000000084700000, 0x0000000084700000, 0x0000000084800000|  0%| F|  |TAMS 0x0000000084700000, 0x0000000084700000| Untracked 
|  72|0x0000000084800000, 0x0000000084800000, 0x0000000084900000|  0%| F|  |TAMS 0x0000000084800000, 0x0000000084800000| Untracked 
|  73|0x0000000084900000, 0x0000000084900000, 0x0000000084a00000|  0%| F|  |TAMS 0x0000000084900000, 0x0000000084900000| Untracked 
|  74|0x0000000084a00000, 0x0000000084a00000, 0x0000000084b00000|  0%| F|  |TAMS 0x0000000084a00000, 0x0000000084a00000| Untracked 
|  75|0x0000000084b00000, 0x0000000084b00000, 0x0000000084c00000|  0%| F|  |TAMS 0x0000000084b00000, 0x0000000084b00000| Untracked 
|  76|0x0000000084c00000, 0x0000000084c00000, 0x0000000084d00000|  0%| F|  |TAMS 0x0000000084c00000, 0x0000000084c00000| Untracked 
|  77|0x0000000084d00000, 0x0000000084d00000, 0x0000000084e00000|  0%| F|  |TAMS 0x0000000084d00000, 0x0000000084d00000| Untracked 
|  78|0x0000000084e00000, 0x0000000084e00000, 0x0000000084f00000|  0%| F|  |TAMS 0x0000000084e00000, 0x0000000084e00000| Untracked 
|  79|0x0000000084f00000, 0x0000000084f00000, 0x0000000085000000|  0%| F|  |TAMS 0x0000000084f00000, 0x0000000084f00000| Untracked 
|  80|0x0000000085000000, 0x0000000085000000, 0x0000000085100000|  0%| F|  |TAMS 0x0000000085000000, 0x0000000085000000| Untracked 
|  81|0x0000000085100000, 0x0000000085100000, 0x0000000085200000|  0%| F|  |TAMS 0x0000000085100000, 0x0000000085100000| Untracked 
|  82|0x0000000085200000, 0x0000000085200000, 0x0000000085300000|  0%| F|  |TAMS 0x0000000085200000, 0x0000000085200000| Untracked 
|  83|0x0000000085300000, 0x0000000085300000, 0x0000000085400000|  0%| F|  |TAMS 0x0000000085300000, 0x0000000085300000| Untracked 
|  84|0x0000000085400000, 0x0000000085400000, 0x0000000085500000|  0%| F|  |TAMS 0x0000000085400000, 0x0000000085400000| Untracked 
|  85|0x0000000085500000, 0x0000000085500000, 0x0000000085600000|  0%| F|  |TAMS 0x0000000085500000, 0x0000000085500000| Untracked 
|  86|0x0000000085600000, 0x0000000085600000, 0x0000000085700000|  0%| F|  |TAMS 0x0000000085600000, 0x0000000085600000| Untracked 
|  87|0x0000000085700000, 0x0000000085700000, 0x0000000085800000|  0%| F|  |TAMS 0x0000000085700000, 0x0000000085700000| Untracked 
|  88|0x0000000085800000, 0x0000000085800000, 0x0000000085900000|  0%| F|  |TAMS 0x0000000085800000, 0x0000000085800000| Untracked 
|  89|0x0000000085900000, 0x0000000085900000, 0x0000000085a00000|  0%| F|  |TAMS 0x0000000085900000, 0x0000000085900000| Untracked 
|  90|0x0000000085a00000, 0x0000000085a00000, 0x0000000085b00000|  0%| F|  |TAMS 0x0000000085a00000, 0x0000000085a00000| Untracked 
|  91|0x0000000085b00000, 0x0000000085b00000, 0x0000000085c00000|  0%| F|  |TAMS 0x0000000085b00000, 0x0000000085b00000| Untracked 
|  92|0x0000000085c00000, 0x0000000085c00000, 0x0000000085d00000|  0%| F|  |TAMS 0x0000000085c00000, 0x0000000085c00000| Untracked 
|  93|0x0000000085d00000, 0x0000000085d00000, 0x0000000085e00000|  0%| F|  |TAMS 0x0000000085d00000, 0x0000000085d00000| Untracked 
|  94|0x0000000085e00000, 0x0000000085e00000, 0x0000000085f00000|  0%| F|  |TAMS 0x0000000085e00000, 0x0000000085e00000| Untracked 
|  95|0x0000000085f00000, 0x0000000085f00000, 0x0000000086000000|  0%| F|  |TAMS 0x0000000085f00000, 0x0000000085f00000| Untracked 
|  96|0x0000000086000000, 0x0000000086000000, 0x0000000086100000|  0%| F|  |TAMS 0x0000000086000000, 0x0000000086000000| Untracked 
|  97|0x0000000086100000, 0x0000000086100000, 0x0000000086200000|  0%| F|  |TAMS 0x0000000086100000, 0x0000000086100000| Untracked 
|  98|0x0000000086200000, 0x0000000086200000, 0x0000000086300000|  0%| F|  |TAMS 0x0000000086200000, 0x0000000086200000| Untracked 
|  99|0x0000000086300000, 0x0000000086300000, 0x0000000086400000|  0%| F|  |TAMS 0x0000000086300000, 0x0000000086300000| Untracked 
| 100|0x0000000086400000, 0x0000000086400000, 0x0000000086500000|  0%| F|  |TAMS 0x0000000086400000, 0x0000000086400000| Untracked 
| 101|0x0000000086500000, 0x0000000086500000, 0x0000000086600000|  0%| F|  |TAMS 0x0000000086500000, 0x0000000086500000| Untracked 
| 102|0x0000000086600000, 0x0000000086600000, 0x0000000086700000|  0%| F|  |TAMS 0x0000000086600000, 0x0000000086600000| Untracked 
| 103|0x0000000086700000, 0x0000000086700000, 0x0000000086800000|  0%| F|  |TAMS 0x0000000086700000, 0x0000000086700000| Untracked 
| 104|0x0000000086800000, 0x0000000086800000, 0x0000000086900000|  0%| F|  |TAMS 0x0000000086800000, 0x0000000086800000| Untracked 
| 105|0x0000000086900000, 0x0000000086900000, 0x0000000086a00000|  0%| F|  |TAMS 0x0000000086900000, 0x0000000086900000| Untracked 
| 106|0x0000000086a00000, 0x0000000086a00000, 0x0000000086b00000|  0%| F|  |TAMS 0x0000000086a00000, 0x0000000086a00000| Untracked 
| 107|0x0000000086b00000, 0x0000000086b00000, 0x0000000086c00000|  0%| F|  |TAMS 0x0000000086b00000, 0x0000000086b00000| Untracked 
| 108|0x0000000086c00000, 0x0000000086c00000, 0x0000000086d00000|  0%| F|  |TAMS 0x0000000086c00000, 0x0000000086c00000| Untracked 
| 109|0x0000000086d00000, 0x0000000086d00000, 0x0000000086e00000|  0%| F|  |TAMS 0x0000000086d00000, 0x0000000086d00000| Untracked 
| 110|0x0000000086e00000, 0x0000000086e00000, 0x0000000086f00000|  0%| F|  |TAMS 0x0000000086e00000, 0x0000000086e00000| Untracked 
| 111|0x0000000086f00000, 0x0000000086f00000, 0x0000000087000000|  0%| F|  |TAMS 0x0000000086f00000, 0x0000000086f00000| Untracked 
| 112|0x0000000087000000, 0x0000000087000000, 0x0000000087100000|  0%| F|  |TAMS 0x0000000087000000, 0x0000000087000000| Untracked 
| 113|0x0000000087100000, 0x0000000087200000, 0x0000000087200000|100%| E|  |TAMS 0x0000000087100000, 0x0000000087100000| Complete 
| 114|0x0000000087200000, 0x0000000087300000, 0x0000000087300000|100%| E|CS|TAMS 0x0000000087200000, 0x0000000087200000| Complete 
| 115|0x0000000087300000, 0x00000000873afc28, 0x0000000087400000| 68%| S|CS|TAMS 0x0000000087300000, 0x0000000087300000| Complete 
| 116|0x0000000087400000, 0x0000000087500000, 0x0000000087500000|100%| S|CS|TAMS 0x0000000087400000, 0x0000000087400000| Complete 
| 117|0x0000000087500000, 0x0000000087600000, 0x0000000087600000|100%| S|CS|TAMS 0x0000000087500000, 0x0000000087500000| Complete 
| 118|0x0000000087600000, 0x0000000087700000, 0x0000000087700000|100%| S|CS|TAMS 0x0000000087600000, 0x0000000087600000| Complete 
| 119|0x0000000087700000, 0x0000000087800000, 0x0000000087800000|100%| S|CS|TAMS 0x0000000087700000, 0x0000000087700000| Complete 
| 120|0x0000000087800000, 0x0000000087900000, 0x0000000087900000|100%| S|CS|TAMS 0x0000000087800000, 0x0000000087800000| Complete 
| 121|0x0000000087900000, 0x0000000087a00000, 0x0000000087a00000|100%| S|CS|TAMS 0x0000000087900000, 0x0000000087900000| Complete 
| 122|0x0000000087a00000, 0x0000000087b00000, 0x0000000087b00000|100%| S|CS|TAMS 0x0000000087a00000, 0x0000000087a00000| Complete 
| 123|0x0000000087b00000, 0x0000000087c00000, 0x0000000087c00000|100%| S|CS|TAMS 0x0000000087b00000, 0x0000000087b00000| Complete 
| 124|0x0000000087c00000, 0x0000000087d00000, 0x0000000087d00000|100%| S|CS|TAMS 0x0000000087c00000, 0x0000000087c00000| Complete 
| 125|0x0000000087d00000, 0x0000000087e00000, 0x0000000087e00000|100%| S|CS|TAMS 0x0000000087d00000, 0x0000000087d00000| Complete 
| 126|0x0000000087e00000, 0x0000000087f00000, 0x0000000087f00000|100%| S|CS|TAMS 0x0000000087e00000, 0x0000000087e00000| Complete 
| 127|0x0000000087f00000, 0x0000000088000000, 0x0000000088000000|100%| S|CS|TAMS 0x0000000087f00000, 0x0000000087f00000| Complete 
| 128|0x0000000088000000, 0x0000000088100000, 0x0000000088100000|100%| E|CS|TAMS 0x0000000088000000, 0x0000000088000000| Complete 
| 129|0x0000000088100000, 0x0000000088200000, 0x0000000088200000|100%| E|CS|TAMS 0x0000000088100000, 0x0000000088100000| Complete 
| 130|0x0000000088200000, 0x0000000088300000, 0x0000000088300000|100%| E|CS|TAMS 0x0000000088200000, 0x0000000088200000| Complete 
| 131|0x0000000088300000, 0x0000000088400000, 0x0000000088400000|100%| E|CS|TAMS 0x0000000088300000, 0x0000000088300000| Complete 
| 132|0x0000000088400000, 0x0000000088500000, 0x0000000088500000|100%| E|CS|TAMS 0x0000000088400000, 0x0000000088400000| Complete 
| 133|0x0000000088500000, 0x0000000088600000, 0x0000000088600000|100%| E|CS|TAMS 0x0000000088500000, 0x0000000088500000| Complete 
| 134|0x0000000088600000, 0x0000000088700000, 0x0000000088700000|100%| E|CS|TAMS 0x0000000088600000, 0x0000000088600000| Complete 
| 135|0x0000000088700000, 0x0000000088800000, 0x0000000088800000|100%| E|CS|TAMS 0x0000000088700000, 0x0000000088700000| Complete 
| 136|0x0000000088800000, 0x0000000088900000, 0x0000000088900000|100%| E|CS|TAMS 0x0000000088800000, 0x0000000088800000| Complete 
| 137|0x0000000088900000, 0x0000000088a00000, 0x0000000088a00000|100%| E|CS|TAMS 0x0000000088900000, 0x0000000088900000| Complete 
| 138|0x0000000088a00000, 0x0000000088b00000, 0x0000000088b00000|100%| E|CS|TAMS 0x0000000088a00000, 0x0000000088a00000| Complete 
| 139|0x0000000088b00000, 0x0000000088c00000, 0x0000000088c00000|100%| E|CS|TAMS 0x0000000088b00000, 0x0000000088b00000| Complete 
| 140|0x0000000088c00000, 0x0000000088d00000, 0x0000000088d00000|100%| E|CS|TAMS 0x0000000088c00000, 0x0000000088c00000| Complete 
| 141|0x0000000088d00000, 0x0000000088e00000, 0x0000000088e00000|100%| E|CS|TAMS 0x0000000088d00000, 0x0000000088d00000| Complete 
| 142|0x0000000088e00000, 0x0000000088f00000, 0x0000000088f00000|100%| E|CS|TAMS 0x0000000088e00000, 0x0000000088e00000| Complete 
| 143|0x0000000088f00000, 0x0000000089000000, 0x0000000089000000|100%| E|CS|TAMS 0x0000000088f00000, 0x0000000088f00000| Complete 
| 144|0x0000000089000000, 0x0000000089100000, 0x0000000089100000|100%| E|CS|TAMS 0x0000000089000000, 0x0000000089000000| Complete 
| 145|0x0000000089100000, 0x0000000089200000, 0x0000000089200000|100%| E|CS|TAMS 0x0000000089100000, 0x0000000089100000| Complete 
| 146|0x0000000089200000, 0x0000000089300000, 0x0000000089300000|100%| E|CS|TAMS 0x0000000089200000, 0x0000000089200000| Complete 
| 147|0x0000000089300000, 0x0000000089400000, 0x0000000089400000|100%| E|CS|TAMS 0x0000000089300000, 0x0000000089300000| Complete 
| 148|0x0000000089400000, 0x0000000089500000, 0x0000000089500000|100%| E|CS|TAMS 0x0000000089400000, 0x0000000089400000| Complete 
| 149|0x0000000089500000, 0x0000000089600000, 0x0000000089600000|100%| E|CS|TAMS 0x0000000089500000, 0x0000000089500000| Complete 
| 150|0x0000000089600000, 0x0000000089700000, 0x0000000089700000|100%| E|CS|TAMS 0x0000000089600000, 0x0000000089600000| Complete 
| 151|0x0000000089700000, 0x0000000089800000, 0x0000000089800000|100%| E|CS|TAMS 0x0000000089700000, 0x0000000089700000| Complete 
| 152|0x0000000089800000, 0x0000000089900000, 0x0000000089900000|100%| E|CS|TAMS 0x0000000089800000, 0x0000000089800000| Complete 
| 153|0x0000000089900000, 0x0000000089a00000, 0x0000000089a00000|100%| E|CS|TAMS 0x0000000089900000, 0x0000000089900000| Complete 
| 154|0x0000000089a00000, 0x0000000089b00000, 0x0000000089b00000|100%| E|CS|TAMS 0x0000000089a00000, 0x0000000089a00000| Complete 
| 155|0x0000000089b00000, 0x0000000089c00000, 0x0000000089c00000|100%| E|CS|TAMS 0x0000000089b00000, 0x0000000089b00000| Complete 
| 156|0x0000000089c00000, 0x0000000089d00000, 0x0000000089d00000|100%| E|CS|TAMS 0x0000000089c00000, 0x0000000089c00000| Complete 
| 157|0x0000000089d00000, 0x0000000089e00000, 0x0000000089e00000|100%| E|CS|TAMS 0x0000000089d00000, 0x0000000089d00000| Complete 
| 158|0x0000000089e00000, 0x0000000089f00000, 0x0000000089f00000|100%| E|CS|TAMS 0x0000000089e00000, 0x0000000089e00000| Complete 
| 159|0x0000000089f00000, 0x000000008a000000, 0x000000008a000000|100%| E|CS|TAMS 0x0000000089f00000, 0x0000000089f00000| Complete 
| 160|0x000000008a000000, 0x000000008a100000, 0x000000008a100000|100%| E|CS|TAMS 0x000000008a000000, 0x000000008a000000| Complete 
| 161|0x000000008a100000, 0x000000008a200000, 0x000000008a200000|100%| E|CS|TAMS 0x000000008a100000, 0x000000008a100000| Complete 
| 162|0x000000008a200000, 0x000000008a300000, 0x000000008a300000|100%| E|CS|TAMS 0x000000008a200000, 0x000000008a200000| Complete 
| 163|0x000000008a300000, 0x000000008a400000, 0x000000008a400000|100%| E|CS|TAMS 0x000000008a300000, 0x000000008a300000| Complete 
| 164|0x000000008a400000, 0x000000008a500000, 0x000000008a500000|100%| E|CS|TAMS 0x000000008a400000, 0x000000008a400000| Complete 
| 165|0x000000008a500000, 0x000000008a600000, 0x000000008a600000|100%| E|CS|TAMS 0x000000008a500000, 0x000000008a500000| Complete 
| 166|0x000000008a600000, 0x000000008a700000, 0x000000008a700000|100%| E|CS|TAMS 0x000000008a600000, 0x000000008a600000| Complete 
| 167|0x000000008a700000, 0x000000008a800000, 0x000000008a800000|100%| E|CS|TAMS 0x000000008a700000, 0x000000008a700000| Complete 
| 168|0x000000008a800000, 0x000000008a900000, 0x000000008a900000|100%| E|CS|TAMS 0x000000008a800000, 0x000000008a800000| Complete 
| 169|0x000000008a900000, 0x000000008aa00000, 0x000000008aa00000|100%| E|CS|TAMS 0x000000008a900000, 0x000000008a900000| Complete 
| 170|0x000000008aa00000, 0x000000008ab00000, 0x000000008ab00000|100%| E|CS|TAMS 0x000000008aa00000, 0x000000008aa00000| Complete 
| 171|0x000000008ab00000, 0x000000008ac00000, 0x000000008ac00000|100%| E|CS|TAMS 0x000000008ab00000, 0x000000008ab00000| Complete 
| 172|0x000000008ac00000, 0x000000008ad00000, 0x000000008ad00000|100%| E|CS|TAMS 0x000000008ac00000, 0x000000008ac00000| Complete 
| 173|0x000000008ad00000, 0x000000008ae00000, 0x000000008ae00000|100%| E|CS|TAMS 0x000000008ad00000, 0x000000008ad00000| Complete 
| 174|0x000000008ae00000, 0x000000008af00000, 0x000000008af00000|100%| E|CS|TAMS 0x000000008ae00000, 0x000000008ae00000| Complete 
| 175|0x000000008af00000, 0x000000008b000000, 0x000000008b000000|100%| E|CS|TAMS 0x000000008af00000, 0x000000008af00000| Complete 
| 176|0x000000008b000000, 0x000000008b100000, 0x000000008b100000|100%| E|CS|TAMS 0x000000008b000000, 0x000000008b000000| Complete 
| 177|0x000000008b100000, 0x000000008b200000, 0x000000008b200000|100%| E|CS|TAMS 0x000000008b100000, 0x000000008b100000| Complete 
| 178|0x000000008b200000, 0x000000008b300000, 0x000000008b300000|100%| E|CS|TAMS 0x000000008b200000, 0x000000008b200000| Complete 
| 179|0x000000008b300000, 0x000000008b400000, 0x000000008b400000|100%| E|CS|TAMS 0x000000008b300000, 0x000000008b300000| Complete 
| 180|0x000000008b400000, 0x000000008b500000, 0x000000008b500000|100%| E|CS|TAMS 0x000000008b400000, 0x000000008b400000| Complete 
| 181|0x000000008b500000, 0x000000008b600000, 0x000000008b600000|100%| E|CS|TAMS 0x000000008b500000, 0x000000008b500000| Complete 
| 182|0x000000008b600000, 0x000000008b700000, 0x000000008b700000|100%| E|CS|TAMS 0x000000008b600000, 0x000000008b600000| Complete 
| 183|0x000000008b700000, 0x000000008b800000, 0x000000008b800000|100%| E|CS|TAMS 0x000000008b700000, 0x000000008b700000| Complete 
| 184|0x000000008b800000, 0x000000008b900000, 0x000000008b900000|100%| E|CS|TAMS 0x000000008b800000, 0x000000008b800000| Complete 
| 185|0x000000008b900000, 0x000000008ba00000, 0x000000008ba00000|100%| E|CS|TAMS 0x000000008b900000, 0x000000008b900000| Complete 
| 186|0x000000008ba00000, 0x000000008bb00000, 0x000000008bb00000|100%| E|CS|TAMS 0x000000008ba00000, 0x000000008ba00000| Complete 
| 187|0x000000008bb00000, 0x000000008bc00000, 0x000000008bc00000|100%| E|CS|TAMS 0x000000008bb00000, 0x000000008bb00000| Complete 
| 188|0x000000008bc00000, 0x000000008bd00000, 0x000000008bd00000|100%| E|CS|TAMS 0x000000008bc00000, 0x000000008bc00000| Complete 
| 189|0x000000008bd00000, 0x000000008be00000, 0x000000008be00000|100%| E|CS|TAMS 0x000000008bd00000, 0x000000008bd00000| Complete 
| 190|0x000000008be00000, 0x000000008bf00000, 0x000000008bf00000|100%| E|CS|TAMS 0x000000008be00000, 0x000000008be00000| Complete 
| 191|0x000000008bf00000, 0x000000008c000000, 0x000000008c000000|100%| E|CS|TAMS 0x000000008bf00000, 0x000000008bf00000| Complete 
| 192|0x000000008c000000, 0x000000008c100000, 0x000000008c100000|100%| E|CS|TAMS 0x000000008c000000, 0x000000008c000000| Complete 
| 193|0x000000008c100000, 0x000000008c200000, 0x000000008c200000|100%| E|CS|TAMS 0x000000008c100000, 0x000000008c100000| Complete 
| 194|0x000000008c200000, 0x000000008c300000, 0x000000008c300000|100%| E|CS|TAMS 0x000000008c200000, 0x000000008c200000| Complete 
| 195|0x000000008c300000, 0x000000008c400000, 0x000000008c400000|100%| E|CS|TAMS 0x000000008c300000, 0x000000008c300000| Complete 
| 196|0x000000008c400000, 0x000000008c500000, 0x000000008c500000|100%| E|CS|TAMS 0x000000008c400000, 0x000000008c400000| Complete 
| 197|0x000000008c500000, 0x000000008c600000, 0x000000008c600000|100%| E|CS|TAMS 0x000000008c500000, 0x000000008c500000| Complete 
| 198|0x000000008c600000, 0x000000008c700000, 0x000000008c700000|100%| E|CS|TAMS 0x000000008c600000, 0x000000008c600000| Complete 
| 199|0x000000008c700000, 0x000000008c800000, 0x000000008c800000|100%| E|CS|TAMS 0x000000008c700000, 0x000000008c700000| Complete 
| 200|0x000000008c800000, 0x000000008c900000, 0x000000008c900000|100%| E|CS|TAMS 0x000000008c800000, 0x000000008c800000| Complete 
| 201|0x000000008c900000, 0x000000008ca00000, 0x000000008ca00000|100%| E|CS|TAMS 0x000000008c900000, 0x000000008c900000| Complete 
| 202|0x000000008ca00000, 0x000000008cb00000, 0x000000008cb00000|100%| E|CS|TAMS 0x000000008ca00000, 0x000000008ca00000| Complete 
| 203|0x000000008cb00000, 0x000000008cc00000, 0x000000008cc00000|100%| E|CS|TAMS 0x000000008cb00000, 0x000000008cb00000| Complete 
| 204|0x000000008cc00000, 0x000000008cd00000, 0x000000008cd00000|100%| E|CS|TAMS 0x000000008cc00000, 0x000000008cc00000| Complete 
| 205|0x000000008cd00000, 0x000000008ce00000, 0x000000008ce00000|100%| E|CS|TAMS 0x000000008cd00000, 0x000000008cd00000| Complete 
| 206|0x000000008ce00000, 0x000000008cf00000, 0x000000008cf00000|100%| E|CS|TAMS 0x000000008ce00000, 0x000000008ce00000| Complete 
| 207|0x000000008cf00000, 0x000000008d000000, 0x000000008d000000|100%| E|CS|TAMS 0x000000008cf00000, 0x000000008cf00000| Complete 
| 208|0x000000008d000000, 0x000000008d100000, 0x000000008d100000|100%| E|CS|TAMS 0x000000008d000000, 0x000000008d000000| Complete 
| 209|0x000000008d100000, 0x000000008d200000, 0x000000008d200000|100%| E|CS|TAMS 0x000000008d100000, 0x000000008d100000| Complete 
| 210|0x000000008d200000, 0x000000008d300000, 0x000000008d300000|100%| E|CS|TAMS 0x000000008d200000, 0x000000008d200000| Complete 
| 211|0x000000008d300000, 0x000000008d400000, 0x000000008d400000|100%| E|CS|TAMS 0x000000008d300000, 0x000000008d300000| Complete 
| 212|0x000000008d400000, 0x000000008d500000, 0x000000008d500000|100%| E|CS|TAMS 0x000000008d400000, 0x000000008d400000| Complete 
| 213|0x000000008d500000, 0x000000008d600000, 0x000000008d600000|100%| E|CS|TAMS 0x000000008d500000, 0x000000008d500000| Complete 
| 214|0x000000008d600000, 0x000000008d700000, 0x000000008d700000|100%| E|CS|TAMS 0x000000008d600000, 0x000000008d600000| Complete 
| 215|0x000000008d700000, 0x000000008d800000, 0x000000008d800000|100%| E|CS|TAMS 0x000000008d700000, 0x000000008d700000| Complete 
| 216|0x000000008d800000, 0x000000008d900000, 0x000000008d900000|100%| E|CS|TAMS 0x000000008d800000, 0x000000008d800000| Complete 
| 217|0x000000008d900000, 0x000000008da00000, 0x000000008da00000|100%| E|CS|TAMS 0x000000008d900000, 0x000000008d900000| Complete 
| 218|0x000000008da00000, 0x000000008db00000, 0x000000008db00000|100%| E|CS|TAMS 0x000000008da00000, 0x000000008da00000| Complete 
| 219|0x000000008db00000, 0x000000008dc00000, 0x000000008dc00000|100%| E|CS|TAMS 0x000000008db00000, 0x000000008db00000| Complete 
| 220|0x000000008dc00000, 0x000000008dd00000, 0x000000008dd00000|100%| E|CS|TAMS 0x000000008dc00000, 0x000000008dc00000| Complete 
| 221|0x000000008dd00000, 0x000000008de00000, 0x000000008de00000|100%| E|CS|TAMS 0x000000008dd00000, 0x000000008dd00000| Complete 
| 222|0x000000008de00000, 0x000000008df00000, 0x000000008df00000|100%| E|CS|TAMS 0x000000008de00000, 0x000000008de00000| Complete 
| 223|0x000000008df00000, 0x000000008e000000, 0x000000008e000000|100%| E|CS|TAMS 0x000000008df00000, 0x000000008df00000| Complete 
| 224|0x000000008e000000, 0x000000008e100000, 0x000000008e100000|100%| E|CS|TAMS 0x000000008e000000, 0x000000008e000000| Complete 
| 225|0x000000008e100000, 0x000000008e200000, 0x000000008e200000|100%| E|CS|TAMS 0x000000008e100000, 0x000000008e100000| Complete 
| 226|0x000000008e200000, 0x000000008e300000, 0x000000008e300000|100%| E|CS|TAMS 0x000000008e200000, 0x000000008e200000| Complete 
| 227|0x000000008e300000, 0x000000008e400000, 0x000000008e400000|100%| E|CS|TAMS 0x000000008e300000, 0x000000008e300000| Complete 
| 228|0x000000008e400000, 0x000000008e500000, 0x000000008e500000|100%| E|CS|TAMS 0x000000008e400000, 0x000000008e400000| Complete 
| 229|0x000000008e500000, 0x000000008e600000, 0x000000008e600000|100%| E|CS|TAMS 0x000000008e500000, 0x000000008e500000| Complete 
| 230|0x000000008e600000, 0x000000008e700000, 0x000000008e700000|100%| E|CS|TAMS 0x000000008e600000, 0x000000008e600000| Complete 
| 231|0x000000008e700000, 0x000000008e800000, 0x000000008e800000|100%| E|CS|TAMS 0x000000008e700000, 0x000000008e700000| Complete 
| 232|0x000000008e800000, 0x000000008e900000, 0x000000008e900000|100%| E|CS|TAMS 0x000000008e800000, 0x000000008e800000| Complete 
| 233|0x000000008e900000, 0x000000008ea00000, 0x000000008ea00000|100%| E|CS|TAMS 0x000000008e900000, 0x000000008e900000| Complete 
| 234|0x000000008ea00000, 0x000000008eb00000, 0x000000008eb00000|100%| E|CS|TAMS 0x000000008ea00000, 0x000000008ea00000| Complete 
| 235|0x000000008eb00000, 0x000000008ec00000, 0x000000008ec00000|100%| E|CS|TAMS 0x000000008eb00000, 0x000000008eb00000| Complete 
| 236|0x000000008ec00000, 0x000000008ed00000, 0x000000008ed00000|100%| E|CS|TAMS 0x000000008ec00000, 0x000000008ec00000| Complete 
| 237|0x000000008ed00000, 0x000000008ee00000, 0x000000008ee00000|100%| E|CS|TAMS 0x000000008ed00000, 0x000000008ed00000| Complete 
| 238|0x000000008ee00000, 0x000000008ef00000, 0x000000008ef00000|100%| E|CS|TAMS 0x000000008ee00000, 0x000000008ee00000| Complete 
| 239|0x000000008ef00000, 0x000000008f000000, 0x000000008f000000|100%| E|CS|TAMS 0x000000008ef00000, 0x000000008ef00000| Complete 
| 240|0x000000008f000000, 0x000000008f100000, 0x000000008f100000|100%| E|CS|TAMS 0x000000008f000000, 0x000000008f000000| Complete 
| 241|0x000000008f100000, 0x000000008f200000, 0x000000008f200000|100%| E|CS|TAMS 0x000000008f100000, 0x000000008f100000| Complete 
| 242|0x000000008f200000, 0x000000008f300000, 0x000000008f300000|100%| E|CS|TAMS 0x000000008f200000, 0x000000008f200000| Complete 
| 243|0x000000008f300000, 0x000000008f400000, 0x000000008f400000|100%| E|CS|TAMS 0x000000008f300000, 0x000000008f300000| Complete 
| 244|0x000000008f400000, 0x000000008f500000, 0x000000008f500000|100%| E|CS|TAMS 0x000000008f400000, 0x000000008f400000| Complete 
| 245|0x000000008f500000, 0x000000008f600000, 0x000000008f600000|100%| E|CS|TAMS 0x000000008f500000, 0x000000008f500000| Complete 
| 246|0x000000008f600000, 0x000000008f700000, 0x000000008f700000|100%| E|CS|TAMS 0x000000008f600000, 0x000000008f600000| Complete 
| 247|0x000000008f700000, 0x000000008f800000, 0x000000008f800000|100%| E|CS|TAMS 0x000000008f700000, 0x000000008f700000| Complete 

Card table byte_map: [0x00000183f2f80000,0x00000183f3380000] _byte_map_base: 0x00000183f2b80000

Marking Bits (Prev, Next): (CMBitMap*) 0x00000183e8d1d468, (CMBitMap*) 0x00000183e8d1d4a0
 Prev Bits: [0x00000183f3780000, 0x00000183f5780000)
 Next Bits: [0x00000183f5780000, 0x00000183f7780000)

Polling page: 0x00000183e6be0000

Metaspace:

Usage:
  Non-class:     47.17 MB capacity,    46.26 MB ( 98%) used,   781.87 KB (  2%) free+waste,   155.63 KB ( <1%) overhead. 
      Class:      7.42 MB capacity,     6.82 MB ( 92%) used,   543.34 KB (  7%) free+waste,    75.94 KB ( <1%) overhead. 
       Both:     54.60 MB capacity,    53.08 MB ( 97%) used,     1.29 MB (  2%) free+waste,   231.56 KB ( <1%) overhead. 

Virtual space:
  Non-class space:       48.00 MB reserved,      47.33 MB ( 99%) committed 
      Class space:      504.00 MB reserved,       7.50 MB (  1%) committed 
             Both:      552.00 MB reserved,      54.83 MB ( 10%) committed 

Chunk freelists:
   Non-Class:  28.00 KB
       Class:  15.00 KB
        Both:  43.00 KB

MaxMetaspaceSize: 512.00 MB
CompressedClassSpaceSize: 504.00 MB
Initial GC threshold: 20.80 MB
Current GC threshold: 58.88 MB
CDS: off

CodeHeap 'non-profiled nmethods': size=120000Kb used=3215Kb max_used=3215Kb free=116784Kb
 bounds [0x0000018387ad0000, 0x0000018387e00000, 0x000001838f000000]
CodeHeap 'profiled nmethods': size=120000Kb used=10385Kb max_used=10385Kb free=109615Kb
 bounds [0x00000183805a0000, 0x0000018380fd0000, 0x0000018387ad0000]
CodeHeap 'non-nmethods': size=5760Kb used=2326Kb max_used=2373Kb free=3433Kb
 bounds [0x0000018380000000, 0x0000018380270000, 0x00000183805a0000]
 total_blobs=5778 nmethods=4958 adapters=732
 compilation: enabled
              stopped_count=0, restarted_count=0
 full_count=0

Compilation events (20 events):
Event: 25.110 Thread 0x00000183faad5000 4941       3       java.lang.reflect.Constructor::hasGenericInformation (13 bytes)
Event: 25.110 Thread 0x00000183faad5000 nmethod 4941 0x0000018380fb6210 code [0x0000018380fb63c0, 0x0000018380fb6538]
Event: 25.168 Thread 0x00000183faad2800 4942       4       org.objectweb.asm.Frame::execute (2318 bytes)
Event: 25.181 Thread 0x00000183faad5000 4944       3       java.lang.reflect.AccessibleObject::checkAccess (40 bytes)
Event: 25.182 Thread 0x00000183faad5000 nmethod 4944 0x0000018380fb6610 code [0x0000018380fb6800, 0x0000018380fb6b38]
Event: 25.182 Thread 0x00000183faad5000 4945       3       com.google.common.reflect.TypeResolver$TypeTable::resolveInternal (105 bytes)
Event: 25.183 Thread 0x00000183faad5000 nmethod 4945 0x0000018380fb6c90 code [0x0000018380fb6f80, 0x0000018380fb8128]
Event: 25.183 Thread 0x00000183faad5000 4946       3       com.google.common.reflect.TypeResolver::<init> (6 bytes)
Event: 25.183 Thread 0x00000183faad5000 nmethod 4946 0x0000018380fb8690 code [0x0000018380fb8840, 0x0000018380fb8a58]
Event: 25.183 Thread 0x00000183faad5000 4947       3       org.gradle.internal.instantiation.generator.AsmBackedClassGenerator$ObjectCreationDetails::<init> (26 bytes)
Event: 25.183 Thread 0x00000183faad5000 nmethod 4947 0x0000018380fb8b90 code [0x0000018380fb8d60, 0x0000018380fb9038]
Event: 25.183 Thread 0x00000183faad5000 4948       3       org.gradle.internal.instantiation.generator.DependencyInjectingInstantiator::convertParameters (126 bytes)
Event: 25.186 Thread 0x00000183faad5000 nmethod 4948 0x0000018380fb9110 code [0x0000018380fb94e0, 0x0000018380fbaf18]
Event: 25.186 Thread 0x00000183faad5000 4949   !   3       org.gradle.internal.instantiation.generator.AsmBackedClassGenerator$InvokeConstructorStrategy::newInstance (66 bytes)
Event: 25.187 Thread 0x00000183faad5000 nmethod 4949 0x0000018380fbb890 code [0x0000018380fbbc00, 0x0000018380fbd448]
Event: 25.187 Thread 0x00000183faad5000 4950       3       org.gradle.internal.instantiation.generator.AsmBackedClassGenerator::generate (6 bytes)
Event: 25.211 Thread 0x00000183faad5000 nmethod 4950 0x0000018380fbdd10 code [0x0000018380fbdec0, 0x0000018380fbdfe8]
Event: 25.211 Thread 0x00000183faad5000 4951       3       org.gradle.internal.instantiation.generator.AbstractClassGenerator::generate (58 bytes)
Event: 25.212 Thread 0x00000183faad5000 nmethod 4951 0x0000018380fbe090 code [0x0000018380fbe2a0, 0x0000018380fbe988]
Event: 25.303 Thread 0x00000183faad5000 4952       3       javax.management.ObjectName::setCanonicalName (251 bytes)

GC Heap History (10 events):
Event: 1.450 GC heap before
{Heap before GC invocations=0 (full 0):
 garbage-first heap   total 253952K, used 29696K [0x0000000080000000, 0x0000000100000000)
  region size 1024K, 24 young (24576K), 0 survivors (0K)
 Metaspace       used 10203K, capacity 10436K, committed 10624K, reserved 526336K
  class space    used 1043K, capacity 1140K, committed 1152K, reserved 516096K
}
Event: 1.502 GC heap after
{Heap after GC invocations=1 (full 0):
 garbage-first heap   total 253952K, used 9673K [0x0000000080000000, 0x0000000100000000)
  region size 1024K, 3 young (3072K), 3 survivors (3072K)
 Metaspace       used 10203K, capacity 10436K, committed 10624K, reserved 526336K
  class space    used 1043K, capacity 1140K, committed 1152K, reserved 516096K
}
Event: 6.567 GC heap before
{Heap before GC invocations=1 (full 0):
 garbage-first heap   total 253952K, used 100809K [0x0000000080000000, 0x0000000100000000)
  region size 1024K, 93 young (95232K), 3 survivors (3072K)
 Metaspace       used 20741K, capacity 21173K, committed 21296K, reserved 536576K
  class space    used 2493K, capacity 2659K, committed 2688K, reserved 516096K
}
Event: 6.583 GC heap after
{Heap after GC invocations=2 (full 0):
 garbage-first heap   total 253952K, used 17025K [0x0000000080000000, 0x0000000100000000)
  region size 1024K, 11 young (11264K), 11 survivors (11264K)
 Metaspace       used 20741K, capacity 21173K, committed 21296K, reserved 536576K
  class space    used 2493K, capacity 2659K, committed 2688K, reserved 516096K
}
Event: 7.858 GC heap before
{Heap before GC invocations=3 (full 0):
 garbage-first heap   total 253952K, used 70273K [0x0000000080000000, 0x0000000100000000)
  region size 1024K, 63 young (64512K), 11 survivors (11264K)
 Metaspace       used 26435K, capacity 26994K, committed 27184K, reserved 540672K
  class space    used 3372K, capacity 3606K, committed 3712K, reserved 516096K
}
Event: 7.868 GC heap after
{Heap after GC invocations=4 (full 0):
 garbage-first heap   total 253952K, used 19319K [0x0000000080000000, 0x0000000100000000)
  region size 1024K, 3 young (3072K), 3 survivors (3072K)
 Metaspace       used 26435K, capacity 26994K, committed 27184K, reserved 540672K
  class space    used 3372K, capacity 3606K, committed 3712K, reserved 516096K
}
Event: 9.502 GC heap before
{Heap before GC invocations=4 (full 0):
 garbage-first heap   total 253952K, used 78711K [0x0000000080000000, 0x0000000100000000)
  region size 1024K, 62 young (63488K), 3 survivors (3072K)
 Metaspace       used 34974K, capacity 35750K, committed 35920K, reserved 548864K
  class space    used 4437K, capacity 4761K, committed 4864K, reserved 516096K
}
Event: 9.513 GC heap after
{Heap after GC invocations=5 (full 0):
 garbage-first heap   total 253952K, used 22483K [0x0000000080000000, 0x0000000100000000)
  region size 1024K, 6 young (6144K), 6 survivors (6144K)
 Metaspace       used 34974K, capacity 35750K, committed 35920K, reserved 548864K
  class space    used 4437K, capacity 4761K, committed 4864K, reserved 516096K
}
Event: 21.901 GC heap before
{Heap before GC invocations=6 (full 0):
 garbage-first heap   total 253952K, used 142291K [0x0000000080000000, 0x0000000100000000)
  region size 1024K, 120 young (122880K), 6 survivors (6144K)
 Metaspace       used 44199K, capacity 45419K, committed 45520K, reserved 557056K
  class space    used 5539K, capacity 6002K, committed 6016K, reserved 516096K
}
Event: 21.913 GC heap after
{Heap after GC invocations=7 (full 0):
 garbage-first heap   total 253952K, used 29711K [0x0000000080000000, 0x0000000100000000)
  region size 1024K, 13 young (13312K), 13 survivors (13312K)
 Metaspace       used 44199K, capacity 45419K, committed 45520K, reserved 557056K
  class space    used 5539K, capacity 6002K, committed 6016K, reserved 516096K
}

Deoptimization events (20 events):
Event: 24.559 Thread 0x00000183fcb7e800 Uncommon trap: trap_request=0xffffff45 fr.pc=0x0000018387d1ef78 relative=0x0000000000000cd8
Event: 24.559 Thread 0x00000183fcb7e800 Uncommon trap: reason=unstable_fused_if action=reinterpret pc=0x0000018387d1ef78 method=org.objectweb.asm.ByteVector.putUTF8(Ljava/lang/String;)Lorg/objectweb/asm/ByteVector; @ 93 c2
Event: 24.559 Thread 0x00000183fcb7e800 DEOPT PACKING pc=0x0000018387d1ef78 sp=0x0000006b6e7f7370
Event: 24.559 Thread 0x00000183fcb7e800 DEOPT UNPACKING pc=0x00000183800085af sp=0x0000006b6e7f72c8 mode 2
Event: 24.564 Thread 0x00000183fcb7e800 Uncommon trap: trap_request=0xffffff4d fr.pc=0x0000018387d3600c relative=0x0000000000005a8c
Event: 24.564 Thread 0x00000183fcb7e800 Uncommon trap: reason=unstable_if action=reinterpret pc=0x0000018387d3600c method=org.objectweb.asm.Frame.execute(IILorg/objectweb/asm/Symbol;Lorg/objectweb/asm/SymbolTable;)V @ 1 c2
Event: 24.564 Thread 0x00000183fcb7e800 DEOPT PACKING pc=0x0000018387d3600c sp=0x0000006b6e7f7540
Event: 24.564 Thread 0x00000183fcb7e800 DEOPT UNPACKING pc=0x00000183800085af sp=0x0000006b6e7f74f8 mode 2
Event: 24.595 Thread 0x00000183fcb7e800 Uncommon trap: trap_request=0xffffff45 fr.pc=0x0000018387c1616c relative=0x000000000000020c
Event: 24.595 Thread 0x00000183fcb7e800 Uncommon trap: reason=unstable_fused_if action=reinterpret pc=0x0000018387c1616c method=org.objectweb.asm.ByteVector.putUTF8(Ljava/lang/String;)Lorg/objectweb/asm/ByteVector; @ 93 c2
Event: 24.595 Thread 0x00000183fcb7e800 DEOPT PACKING pc=0x0000018387c1616c sp=0x0000006b6e7f70a0
Event: 24.595 Thread 0x00000183fcb7e800 DEOPT UNPACKING pc=0x00000183800085af sp=0x0000006b6e7f7020 mode 2
Event: 25.244 Thread 0x00000183fcb7e800 Uncommon trap: trap_request=0xffffff4d fr.pc=0x0000018387dab05c relative=0x00000000000001bc
Event: 25.244 Thread 0x00000183fcb7e800 Uncommon trap: reason=unstable_if action=reinterpret pc=0x0000018387dab05c method=java.security.SecureClassLoader$CodeSourceKey.hashCode()I @ 9 c2
Event: 25.244 Thread 0x00000183fcb7e800 DEOPT PACKING pc=0x0000018387dab05c sp=0x0000006b6e7f1640
Event: 25.244 Thread 0x00000183fcb7e800 DEOPT UNPACKING pc=0x00000183800085af sp=0x0000006b6e7f15d0 mode 2
Event: 25.244 Thread 0x00000183fcb7e800 Uncommon trap: trap_request=0xffffff4d fr.pc=0x0000018387d6a198 relative=0x0000000000000e38
Event: 25.244 Thread 0x00000183fcb7e800 Uncommon trap: reason=unstable_if action=reinterpret pc=0x0000018387d6a198 method=java.lang.ClassLoader.defineClassSourceLocation(Ljava/security/ProtectionDomain;)Ljava/lang/String; @ 15 c2
Event: 25.244 Thread 0x00000183fcb7e800 DEOPT PACKING pc=0x0000018387d6a198 sp=0x0000006b6e7f1670
Event: 25.244 Thread 0x00000183fcb7e800 DEOPT UNPACKING pc=0x00000183800085af sp=0x0000006b6e7f15e8 mode 2

Classes redefined (0 events):
No events

Internal exceptions (20 events):
Event: 23.971 Thread 0x00000183fcb7e800 Exception <a 'java/lang/ClassNotFoundException'{0x000000008a53dfc8}: org/gradle/api/internal/project/DefaultProject_DecoratedBeanInfo> (0x000000008a53dfc8) thrown at [./src/hotspot/share/classfile/systemDictionary.cpp, line 230]
Event: 23.972 Thread 0x00000183fcb7e800 Exception <a 'java/lang/ClassNotFoundException'{0x000000008a569c60}: org/gradle/api/internal/project/DefaultProjectBeanInfo> (0x000000008a569c60) thrown at [./src/hotspot/share/classfile/systemDictionary.cpp, line 230]
Event: 23.973 Thread 0x00000183fcb7e800 Exception <a 'java/lang/ClassNotFoundException'{0x000000008a594bb0}: org/gradle/api/internal/project/DefaultProjectCustomizer> (0x000000008a594bb0) thrown at [./src/hotspot/share/classfile/systemDictionary.cpp, line 230]
Event: 23.978 Thread 0x00000183fcb7e800 Exception <a 'java/lang/ClassNotFoundException'{0x000000008a454ae0}: org/gradle/api/internal/project/DefaultProject_DecoratedCustomizer> (0x000000008a454ae0) thrown at [./src/hotspot/share/classfile/systemDictionary.cpp, line 230]
Event: 24.051 Thread 0x00000183fcb7e800 Exception <a 'java/lang/IncompatibleClassChangeError'{0x000000008a20fb78}: Found class java.lang.Object, but interface was expected> (0x000000008a20fb78) thrown at [./src/hotspot/share/interpreter/linkResolver.cpp, line 839]
Event: 24.116 Thread 0x00000183fcb7e800 Exception <a 'java/lang/ClassNotFoundException'{0x000000008a1da148}: org/gradle/api/internal/project/DefaultAntBuilderBeanInfo> (0x000000008a1da148) thrown at [./src/hotspot/share/classfile/systemDictionary.cpp, line 230]
Event: 24.117 Thread 0x00000183fcb7e800 Exception <a 'java/lang/ClassNotFoundException'{0x000000008a009148}: org/gradle/api/internal/project/ant/BasicAntBuilderBeanInfo> (0x000000008a009148) thrown at [./src/hotspot/share/classfile/systemDictionary.cpp, line 230]
Event: 24.117 Thread 0x00000183fcb7e800 Exception <a 'java/lang/ClassNotFoundException'{0x000000008a02f560}: org/gradle/api/AntBuilderBeanInfo> (0x000000008a02f560) thrown at [./src/hotspot/share/classfile/systemDictionary.cpp, line 230]
Event: 24.119 Thread 0x00000183fcb7e800 Exception <a 'java/lang/ClassNotFoundException'{0x000000008a0a78a0}: groovy/util/AntBuilderBeanInfo> (0x000000008a0a78a0) thrown at [./src/hotspot/share/classfile/systemDictionary.cpp, line 230]
Event: 24.121 Thread 0x00000183fcb7e800 Exception <a 'java/lang/ClassNotFoundException'{0x0000000089f20e40}: groovy/util/BuilderSupportBeanInfo> (0x0000000089f20e40) thrown at [./src/hotspot/share/classfile/systemDictionary.cpp, line 230]
Event: 24.123 Thread 0x00000183fcb7e800 Exception <a 'java/lang/ClassNotFoundException'{0x0000000089f9aff0}: groovy/util/BuilderSupportCustomizer> (0x0000000089f9aff0) thrown at [./src/hotspot/share/classfile/systemDictionary.cpp, line 230]
Event: 24.125 Thread 0x00000183fcb7e800 Exception <a 'java/lang/ClassNotFoundException'{0x0000000089e15d60}: groovy/util/AntBuilderCustomizer> (0x0000000089e15d60) thrown at [./src/hotspot/share/classfile/systemDictionary.cpp, line 230]
Event: 24.126 Thread 0x00000183fcb7e800 Exception <a 'java/lang/ClassNotFoundException'{0x0000000089e42b48}: org/gradle/api/AntBuilderCustomizer> (0x0000000089e42b48) thrown at [./src/hotspot/share/classfile/systemDictionary.cpp, line 230]
Event: 24.128 Thread 0x00000183fcb7e800 Exception <a 'java/lang/ClassNotFoundException'{0x0000000089e7cd78}: org/gradle/api/internal/project/ant/BasicAntBuilderCustomizer> (0x0000000089e7cd78) thrown at [./src/hotspot/share/classfile/systemDictionary.cpp, line 230]
Event: 24.130 Thread 0x00000183fcb7e800 Exception <a 'java/lang/ClassNotFoundException'{0x0000000089ebe348}: org/gradle/api/internal/project/DefaultAntBuilderCustomizer> (0x0000000089ebe348) thrown at [./src/hotspot/share/classfile/systemDictionary.cpp, line 230]
Event: 24.257 Thread 0x00000183fcb7e800 Exception <a 'java/lang/IncompatibleClassChangeError'{0x0000000089c71608}: Found class java.lang.Object, but interface was expected> (0x0000000089c71608) thrown at [./src/hotspot/share/interpreter/linkResolver.cpp, line 839]
Event: 24.572 Thread 0x00000183fcb7e800 Exception <a 'java/lang/NoSuchMethodError'{0x000000008967fd18}: 'java.lang.Object java.lang.invoke.DirectMethodHandle$Holder.invokeSpecial(java.lang.Object, java.lang.Object, java.lang.Object, java.lang.Object, java.lang.Object, int)'> (0x000000008967fd18) thrown at [./src/hotspot/share/interpreter/linkResolver.cpp, line 773]
Event: 24.573 Thread 0x00000183fcb7e800 Exception <a 'java/lang/NoSuchMethodError'{0x00000000896845a8}: 'java.lang.Object java.lang.invoke.Invokers$Holder.linkToTargetMethod(java.lang.Object, java.lang.Object, java.lang.Object, int, java.lang.Object)'> (0x00000000896845a8) thrown at [./src/hotspot/share/interpreter/linkResolver.cpp, line 773]
Event: 25.244 Thread 0x00000183fcb7e800 Implicit null exception at 0x0000018387daaed4 to 0x0000018387dab04c
Event: 25.244 Thread 0x00000183fcb7e800 Implicit null exception at 0x0000018387d6988f to 0x0000018387d6a170

Events (20 events):
Event: 25.288 loading class org/gradle/internal/snapshot/impl/AbstractSetSnapshot
Event: 25.288 loading class org/gradle/internal/snapshot/impl/AbstractSetSnapshot done
Event: 25.288 loading class org/gradle/workers/internal/DefaultActionExecutionSpecFactory
Event: 25.288 loading class org/gradle/workers/internal/DefaultActionExecutionSpecFactory done
Event: 25.292 loading class org/gradle/workers/internal/WorkSerializationException
Event: 25.292 loading class org/gradle/workers/internal/WorkSerializationException done
Event: 25.296 loading class org/gradle/process/internal/health/memory/MemoryHolder
Event: 25.296 loading class org/gradle/process/internal/health/memory/MemoryHolder done
Event: 25.296 loading class org/gradle/workers/internal/WorkerDaemonStarter
Event: 25.296 loading class org/gradle/workers/internal/WorkerDaemonStarter done
Event: 25.297 loading class org/gradle/workers/internal/WorkerDaemonClientsManager$WorkerProcessCleanupAction
Event: 25.297 loading class org/gradle/workers/internal/WorkerDaemonClientsManager$WorkerProcessCleanupAction done
Event: 25.298 loading class org/gradle/workers/internal/WorkerDaemonClientsManager$StopSessionScopedWorkers
Event: 25.298 loading class org/gradle/workers/internal/WorkerDaemonClientsManager$StopSessionScopedWorkers done
Event: 25.300 loading class org/gradle/workers/internal/WorkerDaemonClientsManager$LogLevelChangeEventListener
Event: 25.300 loading class org/gradle/workers/internal/WorkerDaemonClientsManager$LogLevelChangeEventListener done
Event: 25.302 loading class org/gradle/workers/internal/WorkerDaemonExpiration
Event: 25.302 loading class org/gradle/workers/internal/WorkerDaemonExpiration done
Event: 25.304 loading class org/gradle/process/internal/worker/child/DefaultWorkerDirectoryProvider
Event: 25.304 loading class org/gradle/process/internal/worker/child/DefaultWorkerDirectoryProvider done


Dynamic libraries:
0x00007ff769970000 - 0x00007ff76997d000 	D:\openlogic-openjdk-11.0.15+10-windows-x64\bin\java.exe
0x00007ffd0a5a0000 - 0x00007ffd0a7a9000 	C:\WINDOWS\SYSTEM32\ntdll.dll
0x00007ffd08e20000 - 0x00007ffd08edd000 	C:\WINDOWS\System32\KERNEL32.DLL
0x00007ffd07a90000 - 0x00007ffd07e09000 	C:\WINDOWS\System32\KERNELBASE.dll
0x00007ffd07e10000 - 0x00007ffd07f21000 	C:\WINDOWS\System32\ucrtbase.dll
0x00007ffd018f0000 - 0x00007ffd01907000 	D:\openlogic-openjdk-11.0.15+10-windows-x64\bin\jli.dll
0x00007ffd01880000 - 0x00007ffd01895000 	D:\openlogic-openjdk-11.0.15+10-windows-x64\bin\VCRUNTIME140.dll
0x00007ffcf21d0000 - 0x00007ffcf2475000 	C:\WINDOWS\WinSxS\amd64_microsoft.windows.common-controls_6595b64144ccf1df_6.0.22000.120_none_9d947278b86cc467\COMCTL32.dll
0x00007ffd090c0000 - 0x00007ffd0926c000 	C:\WINDOWS\System32\USER32.dll
0x00007ffd09470000 - 0x00007ffd09513000 	C:\WINDOWS\System32\msvcrt.dll
0x00007ffd08070000 - 0x00007ffd08096000 	C:\WINDOWS\System32\win32u.dll
0x00007ffd0a120000 - 0x00007ffd0a149000 	C:\WINDOWS\System32\GDI32.dll
0x00007ffd08280000 - 0x00007ffd08392000 	C:\WINDOWS\System32\gdi32full.dll
0x00007ffd083a0000 - 0x00007ffd0843d000 	C:\WINDOWS\System32\msvcp_win.dll
0x00007ffd08520000 - 0x00007ffd08551000 	C:\WINDOWS\System32\IMM32.DLL
0x00000183e83c0000 - 0x00000183e83d4000 	C:\WINDOWS\System32\umppc15205.dll
0x00007ffcf2e10000 - 0x00007ffcf2eab000 	D:\openlogic-openjdk-11.0.15+10-windows-x64\bin\msvcp140.dll
0x00007ffce2ec0000 - 0x00007ffce39cd000 	D:\openlogic-openjdk-11.0.15+10-windows-x64\bin\server\jvm.dll
0x00007ffd09e20000 - 0x00007ffd09ece000 	C:\WINDOWS\System32\ADVAPI32.dll
0x00007ffd0a2e0000 - 0x00007ffd0a37e000 	C:\WINDOWS\System32\sechost.dll
0x00007ffd0a160000 - 0x00007ffd0a280000 	C:\WINDOWS\System32\RPCRT4.dll
0x00007ffd08510000 - 0x00007ffd08518000 	C:\WINDOWS\System32\PSAPI.DLL
0x00007ffcd9920000 - 0x00007ffcd9929000 	C:\WINDOWS\SYSTEM32\WSOCK32.dll
0x00007ffd08440000 - 0x00007ffd084af000 	C:\WINDOWS\System32\WS2_32.dll
0x00007ffcff990000 - 0x00007ffcff9c3000 	C:\WINDOWS\SYSTEM32\WINMM.dll
0x00007ffcff390000 - 0x00007ffcff39a000 	C:\WINDOWS\SYSTEM32\VERSION.dll
0x00007ffd06c80000 - 0x00007ffd06c98000 	C:\WINDOWS\SYSTEM32\kernel.appcore.dll
0x00007ffd04630000 - 0x00007ffd04640000 	D:\openlogic-openjdk-11.0.15+10-windows-x64\bin\verify.dll
0x00007ffd05430000 - 0x00007ffd05651000 	C:\WINDOWS\SYSTEM32\DBGHELP.DLL
0x00007ffce0220000 - 0x00007ffce0251000 	C:\WINDOWS\SYSTEM32\dbgcore.DLL
0x00007ffd07ff0000 - 0x00007ffd0806f000 	C:\WINDOWS\System32\bcryptPrimitives.dll
0x00007ffcfe8a0000 - 0x00007ffcfe8c8000 	D:\openlogic-openjdk-11.0.15+10-windows-x64\bin\java.dll
0x00007ffd01870000 - 0x00007ffd0187a000 	D:\openlogic-openjdk-11.0.15+10-windows-x64\bin\jimage.dll
0x00007ffcfe880000 - 0x00007ffcfe898000 	D:\openlogic-openjdk-11.0.15+10-windows-x64\bin\zip.dll
0x00007ffd08610000 - 0x00007ffd08dbf000 	C:\WINDOWS\System32\SHELL32.dll
0x00007ffd05d20000 - 0x00007ffd06588000 	C:\WINDOWS\SYSTEM32\windows.storage.dll
0x00007ffd09990000 - 0x00007ffd09d08000 	C:\WINDOWS\System32\combase.dll
0x00007ffd05b80000 - 0x00007ffd05ce6000 	C:\WINDOWS\SYSTEM32\wintypes.dll
0x00007ffd0a380000 - 0x00007ffd0a46a000 	C:\WINDOWS\System32\SHCORE.dll
0x00007ffd08dc0000 - 0x00007ffd08e1d000 	C:\WINDOWS\System32\shlwapi.dll
0x00007ffd079c0000 - 0x00007ffd079e1000 	C:\WINDOWS\SYSTEM32\profapi.dll
0x00007ffcf3db0000 - 0x00007ffcf3dc9000 	D:\openlogic-openjdk-11.0.15+10-windows-x64\bin\net.dll
0x00007ffd019f0000 - 0x00007ffd01afc000 	C:\WINDOWS\SYSTEM32\WINHTTP.dll
0x00007ffd070b0000 - 0x00007ffd07117000 	C:\WINDOWS\system32\mswsock.dll
0x00007ffcf3d90000 - 0x00007ffcf3da3000 	D:\openlogic-openjdk-11.0.15+10-windows-x64\bin\nio.dll
0x00007ffcf3d20000 - 0x00007ffcf3d47000 	C:\Users\Thulasi\.gradle\native\e1d6ef7f7dcc3fd88c89a11ec53ec762bb8ba0a96d01ffa2cd45eb1d1d8dd5c5\windows-amd64\native-platform.dll
0x00007ffcec7b0000 - 0x00007ffcec8f4000 	C:\Users\Thulasi\.gradle\native\5664cfc778a61ccfe75a443a1ab52a65af34e5dc3c78e0209fed803814484fcb\windows-amd64\native-platform-file-events.dll
0x00007ffcfe870000 - 0x00007ffcfe879000 	D:\openlogic-openjdk-11.0.15+10-windows-x64\bin\management.dll
0x00007ffcf8350000 - 0x00007ffcf835b000 	D:\openlogic-openjdk-11.0.15+10-windows-x64\bin\management_ext.dll
0x00007ffd072f0000 - 0x00007ffd07308000 	C:\WINDOWS\SYSTEM32\CRYPTSP.dll
0x00007ffd06be0000 - 0x00007ffd06c15000 	C:\WINDOWS\system32\rsaenh.dll
0x00007ffd071a0000 - 0x00007ffd071c9000 	C:\WINDOWS\SYSTEM32\USERENV.dll
0x00007ffd07470000 - 0x00007ffd07497000 	C:\WINDOWS\SYSTEM32\bcrypt.dll
0x00007ffd07310000 - 0x00007ffd0731c000 	C:\WINDOWS\SYSTEM32\CRYPTBASE.dll
0x00007ffd06730000 - 0x00007ffd0675d000 	C:\WINDOWS\SYSTEM32\IPHLPAPI.DLL
0x00007ffd09d10000 - 0x00007ffd09d19000 	C:\WINDOWS\System32\NSI.dll
0x00007ffd006e0000 - 0x00007ffd006f9000 	C:\WINDOWS\SYSTEM32\dhcpcsvc6.DLL
0x00007ffd006c0000 - 0x00007ffd006de000 	C:\WINDOWS\SYSTEM32\dhcpcsvc.DLL
0x00007ffd067a0000 - 0x00007ffd06888000 	C:\WINDOWS\SYSTEM32\DNSAPI.dll

dbghelp: loaded successfully - version: 4.0.5 - missing functions: none
symbol engine: initialized successfully - sym options: 0x614 - pdb path: .;D:\openlogic-openjdk-11.0.15+10-windows-x64\bin;C:\WINDOWS\SYSTEM32;C:\WINDOWS\WinSxS\amd64_microsoft.windows.common-controls_6595b64144ccf1df_6.0.22000.120_none_9d947278b86cc467;D:\openlogic-openjdk-11.0.15+10-windows-x64\bin\server;C:\Users\Thulasi\.gradle\native\e1d6ef7f7dcc3fd88c89a11ec53ec762bb8ba0a96d01ffa2cd45eb1d1d8dd5c5\windows-amd64;C:\Users\Thulasi\.gradle\native\5664cfc778a61ccfe75a443a1ab52a65af34e5dc3c78e0209fed803814484fcb\windows-amd64

VM Arguments:
jvm_args: -XX:MaxMetaspaceSize=512m --add-opens=java.base/java.util=ALL-UNNAMED --add-opens=java.base/java.lang=ALL-UNNAMED --add-opens=java.base/java.lang.invoke=ALL-UNNAMED --add-opens=java.base/java.util=ALL-UNNAMED --add-opens=java.prefs/java.util.prefs=ALL-UNNAMED --add-opens=java.prefs/java.util.prefs=ALL-UNNAMED --add-opens=java.base/java.nio.charset=ALL-UNNAMED --add-opens=java.base/java.net=ALL-UNNAMED --add-opens=java.base/java.util.concurrent.atomic=ALL-UNNAMED -Xmx2048m -Dfile.encoding=windows-1252 -Duser.country=GB -Duser.language=en -Duser.variant 
java_command: org.gradle.launcher.daemon.bootstrap.GradleDaemon 7.3.3
java_class_path (initial): C:\Users\Thulasi\.gradle\wrapper\dists\gradle-7.3.3-all\4295vidhdd9hd3gbjyw1xqxpo\gradle-7.3.3\lib\gradle-launcher-7.3.3.jar
Launcher Type: SUN_STANDARD

[Global flags]
     intx CICompilerCount                          = 4                                         {product} {ergonomic}
   size_t CompressedClassSpaceSize                 = 528482304                                 {product} {ergonomic}
     uint ConcGCThreads                            = 2                                         {product} {ergonomic}
     uint G1ConcRefinementThreads                  = 8                                         {product} {ergonomic}
   size_t G1HeapRegionSize                         = 1048576                                   {product} {ergonomic}
    uintx GCDrainStackTargetSize                   = 64                                        {product} {ergonomic}
   size_t InitialHeapSize                          = 260046848                                 {product} {ergonomic}
   size_t MarkStackSize                            = 4194304                                   {product} {ergonomic}
   size_t MaxHeapSize                              = 2147483648                                {product} {command line}
   size_t MaxMetaspaceSize                         = 536870912                                 {product} {command line}
   size_t MaxNewSize                               = 1287651328                                {product} {ergonomic}
   size_t MinHeapDeltaBytes                        = 1048576                                   {product} {ergonomic}
    uintx NonNMethodCodeHeapSize                   = 5836300                                {pd product} {ergonomic}
    uintx NonProfiledCodeHeapSize                  = 122910970                              {pd product} {ergonomic}
    uintx ProfiledCodeHeapSize                     = 122910970                              {pd product} {ergonomic}
    uintx ReservedCodeCacheSize                    = 251658240                              {pd product} {ergonomic}
     bool SegmentedCodeCache                       = true                                      {product} {ergonomic}
     bool UseCompressedClassPointers               = true                                 {lp64_product} {ergonomic}
     bool UseCompressedOops                        = true                                 {lp64_product} {ergonomic}
     bool UseG1GC                                  = true                                      {product} {ergonomic}
     bool UseLargePagesIndividualAllocation        = false                                  {pd product} {ergonomic}

Logging:
Log output configuration:
 #0: stdout all=warning uptime,level,tags
 #1: stderr all=off uptime,level,tags

Environment Variables:
JAVA_HOME=D:\openlogic-openjdk-11.0.15+10-windows-x64
CLASSPATH=C:\Users\Thulasi\TextInput\Assesment1\android\\gradle\wrapper\gradle-wrapper.jar
PATH=C:\Users\Thulasi\TextInput\Assesment1\android\node_modules\.bin;C:\Users\Thulasi\TextInput\Assesment1\node_modules\.bin;C:\Users\Thulasi\TextInput\node_modules\.bin;C:\Users\Thulasi\node_modules\.bin;C:\Users\node_modules\.bin;C:\node_modules\.bin;C:\Program Files\nodejs;C:\Users\Thulasi\TextInput\Assesment1\node_modules\.bin;C:\Users\Thulasi\TextInput\node_modules\.bin;C:\Users\Thulasi\node_modules\.bin;C:\Users\node_modules\.bin;C:\node_modules\.bin;C:\Users\Thulasi\AppData\Roaming\npm\node_modules\npm\node_modules\@npmcli\run-script\lib\node-gyp-bin;C:\Program Files\Common Files\Oracle\Java\javapath;C:\Program Files (x86)\Common Files\Oracle\Java\javapath;C:\ProgramData\Oracle\Java\javapath;C:\WINDOWS\system32;C:\WINDOWS;C:\WINDOWS\System32\Wbem;C:\WINDOWS\System32\WindowsPowerShell\v1.0\;C:\WINDOWS\System32\OpenSSH\;C:\Program Files\nodejs\;C:\Users\Thulasi\AppData\Local\Microsoft\WindowsApps;C:\Users\Thulasi\AppData\Local\Programs\Microsoft VS Code\bin;C:\Users\Thulasi\AppData\Roaming\npm;C:\Users\Thulasi\AppData\Local\Programs\Git\cmd;C:\Users\Thulasi\AppData\Local\Android\Sdk\platform-tools;;C:\Users\Thulasi\TextInput\Assesment1\node_modules\.bin
USERNAME=Thulasi
LANG=en_US.UTF-8
OS=Windows_NT
PROCESSOR_IDENTIFIER=Intel64 Family 6 Model 140 Stepping 1, GenuineIntel



---------------  S Y S T E M  ---------------

OS: Windows 11 , 64 bit Build 22000 (10.0.22000.675)
OS uptime: 6 days 17:35 hours

CPU:total 8 (initial active 8) (4 cores per cpu, 2 threads per core) family 6 model 140 stepping 1 microcode 0xa4, cmov, cx8, fxsr, mmx, sse, sse2, sse3, ssse3, sse4.1, sse4.2, popcnt, avx, avx2, aes, clmul, erms, 3dnowpref, lzcnt, ht, tsc, tscinvbit, bmi1, bmi2, adx, evex, sha, fma

Memory: 4k page, system-wide physical 15777M (255M free)
TotalPageFile size 42099M (AvailPageFile size 0M)
current process WorkingSet (physical memory assigned to process): 340M, peak: 340M
current process commit charge ("private bytes"): 474M, peak: 476M

vm_info: OpenJDK 64-Bit Server VM (11.0.15+10-adhoc..jdk11u) for windows-amd64 JRE (11.0.15+10-adhoc..jdk11u), built on Apr 20 2022 05:37:54 by "" with unknown MS VC++:1916

END.
